Copyright 1986-2018 Xilinx, Inc. All Rights Reserved.
------------------------------------------------------------------------------------------------------------------------------
| Tool Version : Vivado v.2018.2 (win64) Build 2258646 Thu Jun 14 20:03:12 MDT 2018
| Date         : Tue Dec 24 00:44:33 2019
| Host         : DESKTOP-RKNG8TM running 64-bit major release  (build 9200)
| Command      : report_drc -file super_wrapper_drc_opted.rpt -pb super_wrapper_drc_opted.pb -rpx super_wrapper_drc_opted.rpx
| Design       : super_wrapper
| Device       : xczu3eg-sbva484-1-i
| Speed File   : -1
| Design State : Synthesized
------------------------------------------------------------------------------------------------------------------------------

Report DRC

Table of Contents
-----------------
1. REPORT SUMMARY
2. REPORT DETAILS

1. REPORT SUMMARY
-----------------
            Netlist: netlist
          Floorplan: design_1
      Design limits: <entire design considered>
           Ruledeck: default
             Max violations: <unlimited>
             Violations found: 0
+------+----------+-------------+------------+
| Rule | Severity | Description | Violations |
+------+----------+-------------+------------+
+------+----------+-------------+------------+

2. REPORT DETAILS
-----------------

