Copyright 1986-2018 Xilinx, Inc. All Rights Reserved.
-----------------------------------------------------------------------------------------------------------------------
| Tool Version : Vivado v.2018.2 (win64) Build 2258646 Thu Jun 14 20:03:12 MDT 2018
| Date         : Sat Dec 21 17:33:11 2019
| Host         : DESKTOP-RKNG8TM running 64-bit major release  (build 9200)
| Command      : report_utilization -file super_wrapper_utilization_placed.rpt -pb super_wrapper_utilization_placed.pb
| Design       : super_wrapper
| Device       : xczu3egsbva484-1
| Design State : Fully Placed
-----------------------------------------------------------------------------------------------------------------------

Utilization Design Information

Table of Contents
-----------------
1. CLB Logic
1.1 Summary of Registers by Type
2. CLB Logic Distribution
3. BLOCKRAM
4. ARITHMETIC
5. I/O
6. CLOCK
7. ADVANCED
8. CONFIGURATION
9. Primitives
10. Black Boxes
11. Instantiated Netlists

1. CLB Logic
------------

+----------------------------+-------+-------+-----------+-------+
|          Site Type         |  Used | Fixed | Available | Util% |
+----------------------------+-------+-------+-----------+-------+
| CLB LUTs                   | 27231 |     0 |     70560 | 38.59 |
|   LUT as Logic             | 25500 |     0 |     70560 | 36.14 |
|   LUT as Memory            |  1731 |     0 |     28800 |  6.01 |
|     LUT as Distributed RAM |  1504 |     0 |           |       |
|     LUT as Shift Register  |   227 |     0 |           |       |
| CLB Registers              | 30960 |     0 |    141120 | 21.94 |
|   Register as Flip Flop    | 30960 |     0 |    141120 | 21.94 |
|   Register as Latch        |     0 |     0 |    141120 |  0.00 |
| CARRY8                     |   812 |     0 |      8820 |  9.21 |
| F7 Muxes                   |   388 |     0 |     35280 |  1.10 |
| F8 Muxes                   |   128 |     0 |     17640 |  0.73 |
| F9 Muxes                   |     0 |     0 |      8820 |  0.00 |
+----------------------------+-------+-------+-----------+-------+


1.1 Summary of Registers by Type
--------------------------------

+-------+--------------+-------------+--------------+
| Total | Clock Enable | Synchronous | Asynchronous |
+-------+--------------+-------------+--------------+
| 0     |            _ |           - |            - |
| 0     |            _ |           - |          Set |
| 0     |            _ |           - |        Reset |
| 0     |            _ |         Set |            - |
| 0     |            _ |       Reset |            - |
| 0     |          Yes |           - |            - |
| 33    |          Yes |           - |          Set |
| 69    |          Yes |           - |        Reset |
| 195   |          Yes |         Set |            - |
| 30663 |          Yes |       Reset |            - |
+-------+--------------+-------------+--------------+


2. CLB Logic Distribution
-------------------------

+-------------------------------------------+-------+-------+-----------+-------+
|                 Site Type                 |  Used | Fixed | Available | Util% |
+-------------------------------------------+-------+-------+-----------+-------+
| CLB                                       |  5234 |     0 |      8820 | 59.34 |
|   CLBL                                    |  3193 |     0 |           |       |
|   CLBM                                    |  2041 |     0 |           |       |
| LUT as Logic                              | 25500 |     0 |     70560 | 36.14 |
|   using O5 output only                    |   207 |       |           |       |
|   using O6 output only                    | 19869 |       |           |       |
|   using O5 and O6                         |  5424 |       |           |       |
| LUT as Memory                             |  1731 |     0 |     28800 |  6.01 |
|   LUT as Distributed RAM                  |  1504 |     0 |           |       |
|     using O5 output only                  |     0 |       |           |       |
|     using O6 output only                  |     0 |       |           |       |
|     using O5 and O6                       |  1504 |       |           |       |
|   LUT as Shift Register                   |   227 |     0 |           |       |
|     using O5 output only                  |     0 |       |           |       |
|     using O6 output only                  |    76 |       |           |       |
|     using O5 and O6                       |   151 |       |           |       |
| LUT Flip Flop Pairs                       | 14184 |     0 |     70560 | 20.10 |
|   fully used LUT-FF pairs                 |  2527 |       |           |       |
|   LUT-FF pairs with one unused LUT output | 11548 |       |           |       |
|   LUT-FF pairs with one unused Flip Flop  |  7795 |       |           |       |
| Unique Control Sets                       |   760 |       |           |       |
+-------------------------------------------+-------+-------+-----------+-------+
* Note: Review the Control Sets Report for more information regarding control sets.


3. BLOCKRAM
-----------

+-------------------+------+-------+-----------+-------+
|     Site Type     | Used | Fixed | Available | Util% |
+-------------------+------+-------+-----------+-------+
| Block RAM Tile    |  110 |     0 |       216 | 50.93 |
|   RAMB36/FIFO*    |    6 |     0 |       216 |  2.78 |
|     RAMB36E2 only |    6 |       |           |       |
|   RAMB18          |  208 |     0 |       432 | 48.15 |
|     RAMB18E2 only |  208 |       |           |       |
+-------------------+------+-------+-----------+-------+
* Note: Each Block RAM Tile only has one FIFO logic available and therefore can accommodate only one FIFO36E2 or one FIFO18E2. However, if a FIFO18E2 occupies a Block RAM Tile, that tile can still accommodate a RAMB18E2


4. ARITHMETIC
-------------

+----------------+------+-------+-----------+-------+
|    Site Type   | Used | Fixed | Available | Util% |
+----------------+------+-------+-----------+-------+
| DSPs           |    4 |     0 |       360 |  1.11 |
|   DSP48E2 only |    4 |       |           |       |
+----------------+------+-------+-----------+-------+


5. I/O
------

+------------------+------+-------+-----------+-------+
|     Site Type    | Used | Fixed | Available | Util% |
+------------------+------+-------+-----------+-------+
| Bonded IOB       |   10 |    10 |        82 | 12.20 |
| HPIOB_M          |    0 |     0 |        26 |  0.00 |
| HPIOB_S          |    0 |     0 |        26 |  0.00 |
| HDIOB_M          |    3 |     3 |        12 | 25.00 |
|   INPUT          |    1 |       |           |       |
|   OUTPUT         |    0 |       |           |       |
|   BIDIR          |    2 |       |           |       |
| HDIOB_S          |    7 |     7 |        12 | 58.33 |
|   INPUT          |    1 |       |           |       |
|   OUTPUT         |    2 |       |           |       |
|   BIDIR          |    4 |       |           |       |
| HPIOB_SNGL       |    0 |     0 |         6 |  0.00 |
| HPIOBDIFFINBUF   |    0 |     0 |        72 |  0.00 |
| HPIOBDIFFOUTBUF  |    0 |     0 |        72 |  0.00 |
| HDIOBDIFFINBUF   |    0 |     0 |        48 |  0.00 |
| BITSLICE_CONTROL |    0 |     0 |        24 |  0.00 |
| BITSLICE_RX_TX   |    0 |     0 |       156 |  0.00 |
| BITSLICE_TX      |    0 |     0 |        24 |  0.00 |
| RIU_OR           |    0 |     0 |        12 |  0.00 |
+------------------+------+-------+-----------+-------+


6. CLOCK
--------

+----------------------+------+-------+-----------+-------+
|       Site Type      | Used | Fixed | Available | Util% |
+----------------------+------+-------+-----------+-------+
| GLOBAL CLOCK BUFFERs |    1 |     0 |       196 |  0.51 |
|   BUFGCE             |    0 |     0 |        88 |  0.00 |
|   BUFGCE_DIV         |    0 |     0 |        12 |  0.00 |
|   BUFG_PS            |    1 |     0 |        72 |  1.39 |
|   BUFGCTRL*          |    0 |     0 |        24 |  0.00 |
| PLL                  |    0 |     0 |         6 |  0.00 |
| MMCM                 |    0 |     0 |         3 |  0.00 |
+----------------------+------+-------+-----------+-------+
* Note: Each used BUFGCTRL counts as two global buffer resources. This table does not include global clocking resources, only buffer cell usage. See the Clock Utilization Report (report_clock_utilization) for detailed accounting of global clocking resource availability.


7. ADVANCED
-----------

+-----------+------+-------+-----------+--------+
| Site Type | Used | Fixed | Available |  Util% |
+-----------+------+-------+-----------+--------+
| PS8       |    1 |     0 |         1 | 100.00 |
| SYSMONE4  |    0 |     0 |         1 |   0.00 |
+-----------+------+-------+-----------+--------+


8. CONFIGURATION
----------------

+-------------+------+-------+-----------+-------+
|  Site Type  | Used | Fixed | Available | Util% |
+-------------+------+-------+-----------+-------+
| BSCANE2     |    0 |     0 |         4 |  0.00 |
| DNA_PORTE2  |    0 |     0 |         1 |  0.00 |
| EFUSE_USR   |    0 |     0 |         1 |  0.00 |
| FRAME_ECCE4 |    0 |     0 |         1 |  0.00 |
| ICAPE3      |    0 |     0 |         2 |  0.00 |
| MASTER_JTAG |    0 |     0 |         1 |  0.00 |
| STARTUPE3   |    0 |     0 |         1 |  0.00 |
+-------------+------+-------+-----------+-------+


9. Primitives
-------------

+----------+-------+---------------------+
| Ref Name |  Used | Functional Category |
+----------+-------+---------------------+
| FDRE     | 30663 |            Register |
| LUT4     |  8000 |                 CLB |
| LUT6     |  7441 |                 CLB |
| LUT3     |  6020 |                 CLB |
| LUT2     |  4817 |                 CLB |
| LUT5     |  4512 |                 CLB |
| RAMS32   |  2392 |                 CLB |
| CARRY8   |   812 |                 CLB |
| RAMD32   |   616 |                 CLB |
| MUXF7    |   388 |                 CLB |
| SRL16E   |   337 |                 CLB |
| RAMB18E2 |   208 |           Block Ram |
| FDSE     |   195 |            Register |
| LUT1     |   134 |                 CLB |
| MUXF8    |   128 |                 CLB |
| FDCE     |    69 |            Register |
| SRLC32E  |    41 |                 CLB |
| FDPE     |    33 |            Register |
| INBUF    |     8 |                 I/O |
| IBUFCTRL |     8 |              Others |
| RAMB36E2 |     6 |           Block Ram |
| OBUFT    |     6 |                 I/O |
| DSP48E2  |     4 |          Arithmetic |
| OBUF     |     2 |                 I/O |
| PS8      |     1 |            Advanced |
| BUFG_PS  |     1 |               Clock |
+----------+-------+---------------------+


10. Black Boxes
---------------

+----------+------+
| Ref Name | Used |
+----------+------+


11. Instantiated Netlists
-------------------------

+-----------------------------+------+
|           Ref Name          | Used |
+-----------------------------+------+
| procsys_zynq_ultra_ps_e_0_0 |    1 |
| procsys_rst_ps8_0_299M_0    |    1 |
| procsys_axi_smc_0           |    1 |
| procsys_auto_pc_0           |    1 |
| procsys_auto_ds_0           |    1 |
| lfcw1a1_BBox_0              |    1 |
+-----------------------------+------+


