Copyright 1986-2018 Xilinx, Inc. All Rights Reserved.
-----------------------------------------------------------------------------------------------------------------------
| Tool Version : Vivado v.2018.2 (win64) Build 2258646 Thu Jun 14 20:03:12 MDT 2018
| Date         : Tue Dec 24 02:53:08 2019
| Host         : DESKTOP-RKNG8TM running 64-bit major release  (build 9200)
| Command      : report_utilization -file super_wrapper_utilization_placed.rpt -pb super_wrapper_utilization_placed.pb
| Design       : super_wrapper
| Device       : xczu3egsbva484-1
| Design State : Fully Placed
-----------------------------------------------------------------------------------------------------------------------

Utilization Design Information

Table of Contents
-----------------
1. CLB Logic
1.1 Summary of Registers by Type
2. CLB Logic Distribution
3. BLOCKRAM
4. ARITHMETIC
5. I/O
6. CLOCK
7. ADVANCED
8. CONFIGURATION
9. Primitives
10. Black Boxes
11. Instantiated Netlists

1. CLB Logic
------------

+----------------------------+-------+-------+-----------+-------+
|          Site Type         |  Used | Fixed | Available | Util% |
+----------------------------+-------+-------+-----------+-------+
| CLB LUTs                   | 39370 |     0 |     70560 | 55.80 |
|   LUT as Logic             | 35662 |     0 |     70560 | 50.54 |
|   LUT as Memory            |  3708 |     0 |     28800 | 12.88 |
|     LUT as Distributed RAM |  3496 |     0 |           |       |
|     LUT as Shift Register  |   212 |     0 |           |       |
| CLB Registers              | 49933 |     0 |    141120 | 35.38 |
|   Register as Flip Flop    | 49933 |     0 |    141120 | 35.38 |
|   Register as Latch        |     0 |     0 |    141120 |  0.00 |
| CARRY8                     |  1244 |     0 |      8820 | 14.10 |
| F7 Muxes                   |     0 |     0 |     35280 |  0.00 |
| F8 Muxes                   |     0 |     0 |     17640 |  0.00 |
| F9 Muxes                   |     0 |     0 |      8820 |  0.00 |
+----------------------------+-------+-------+-----------+-------+


1.1 Summary of Registers by Type
--------------------------------

+-------+--------------+-------------+--------------+
| Total | Clock Enable | Synchronous | Asynchronous |
+-------+--------------+-------------+--------------+
| 0     |            _ |           - |            - |
| 0     |            _ |           - |          Set |
| 0     |            _ |           - |        Reset |
| 0     |            _ |         Set |            - |
| 0     |            _ |       Reset |            - |
| 0     |          Yes |           - |            - |
| 33    |          Yes |           - |          Set |
| 69    |          Yes |           - |        Reset |
| 560   |          Yes |         Set |            - |
| 49271 |          Yes |       Reset |            - |
+-------+--------------+-------------+--------------+


2. CLB Logic Distribution
-------------------------

+-------------------------------------------+-------+-------+-----------+-------+
|                 Site Type                 |  Used | Fixed | Available | Util% |
+-------------------------------------------+-------+-------+-----------+-------+
| CLB                                       |  7941 |     0 |      8820 | 90.03 |
|   CLBL                                    |  4684 |     0 |           |       |
|   CLBM                                    |  3257 |     0 |           |       |
| LUT as Logic                              | 35662 |     0 |     70560 | 50.54 |
|   using O5 output only                    |   480 |       |           |       |
|   using O6 output only                    | 33743 |       |           |       |
|   using O5 and O6                         |  1439 |       |           |       |
| LUT as Memory                             |  3708 |     0 |     28800 | 12.88 |
|   LUT as Distributed RAM                  |  3496 |     0 |           |       |
|     using O5 output only                  |     0 |       |           |       |
|     using O6 output only                  |  2160 |       |           |       |
|     using O5 and O6                       |  1336 |       |           |       |
|   LUT as Shift Register                   |   212 |     0 |           |       |
|     using O5 output only                  |     0 |       |           |       |
|     using O6 output only                  |   121 |       |           |       |
|     using O5 and O6                       |    91 |       |           |       |
| LUT Flip Flop Pairs                       | 16136 |     0 |     70560 | 22.87 |
|   fully used LUT-FF pairs                 |  1041 |       |           |       |
|   LUT-FF pairs with one unused LUT output | 14737 |       |           |       |
|   LUT-FF pairs with one unused Flip Flop  | 10537 |       |           |       |
| Unique Control Sets                       |  2857 |       |           |       |
+-------------------------------------------+-------+-------+-----------+-------+
* Note: Review the Control Sets Report for more information regarding control sets.


3. BLOCKRAM
-----------

+-------------------+-------+-------+-----------+-------+
|     Site Type     |  Used | Fixed | Available | Util% |
+-------------------+-------+-------+-----------+-------+
| Block RAM Tile    | 154.5 |     0 |       216 | 71.53 |
|   RAMB36/FIFO*    |   138 |     0 |       216 | 63.89 |
|     RAMB36E2 only |   138 |       |           |       |
|   RAMB18          |    33 |     0 |       432 |  7.64 |
|     RAMB18E2 only |    33 |       |           |       |
+-------------------+-------+-------+-----------+-------+
* Note: Each Block RAM Tile only has one FIFO logic available and therefore can accommodate only one FIFO36E2 or one FIFO18E2. However, if a FIFO18E2 occupies a Block RAM Tile, that tile can still accommodate a RAMB18E2


4. ARITHMETIC
-------------

+----------------+------+-------+-----------+-------+
|    Site Type   | Used | Fixed | Available | Util% |
+----------------+------+-------+-----------+-------+
| DSPs           |   32 |     0 |       360 |  8.89 |
|   DSP48E2 only |   32 |       |           |       |
+----------------+------+-------+-----------+-------+


5. I/O
------

+------------------+------+-------+-----------+-------+
|     Site Type    | Used | Fixed | Available | Util% |
+------------------+------+-------+-----------+-------+
| Bonded IOB       |   10 |    10 |        82 | 12.20 |
| HPIOB_M          |    0 |     0 |        26 |  0.00 |
| HPIOB_S          |    0 |     0 |        26 |  0.00 |
| HDIOB_M          |    3 |     3 |        12 | 25.00 |
|   INPUT          |    1 |       |           |       |
|   OUTPUT         |    0 |       |           |       |
|   BIDIR          |    2 |       |           |       |
| HDIOB_S          |    7 |     7 |        12 | 58.33 |
|   INPUT          |    1 |       |           |       |
|   OUTPUT         |    2 |       |           |       |
|   BIDIR          |    4 |       |           |       |
| HPIOB_SNGL       |    0 |     0 |         6 |  0.00 |
| HPIOBDIFFINBUF   |    0 |     0 |        72 |  0.00 |
| HPIOBDIFFOUTBUF  |    0 |     0 |        72 |  0.00 |
| HDIOBDIFFINBUF   |    0 |     0 |        48 |  0.00 |
| BITSLICE_CONTROL |    0 |     0 |        24 |  0.00 |
| BITSLICE_RX_TX   |    0 |     0 |       156 |  0.00 |
| BITSLICE_TX      |    0 |     0 |        24 |  0.00 |
| RIU_OR           |    0 |     0 |        12 |  0.00 |
+------------------+------+-------+-----------+-------+


6. CLOCK
--------

+----------------------+------+-------+-----------+-------+
|       Site Type      | Used | Fixed | Available | Util% |
+----------------------+------+-------+-----------+-------+
| GLOBAL CLOCK BUFFERs |    1 |     0 |       196 |  0.51 |
|   BUFGCE             |    0 |     0 |        88 |  0.00 |
|   BUFGCE_DIV         |    0 |     0 |        12 |  0.00 |
|   BUFG_PS            |    1 |     0 |        72 |  1.39 |
|   BUFGCTRL*          |    0 |     0 |        24 |  0.00 |
| PLL                  |    0 |     0 |         6 |  0.00 |
| MMCM                 |    0 |     0 |         3 |  0.00 |
+----------------------+------+-------+-----------+-------+
* Note: Each used BUFGCTRL counts as two global buffer resources. This table does not include global clocking resources, only buffer cell usage. See the Clock Utilization Report (report_clock_utilization) for detailed accounting of global clocking resource availability.


7. ADVANCED
-----------

+-----------+------+-------+-----------+--------+
| Site Type | Used | Fixed | Available |  Util% |
+-----------+------+-------+-----------+--------+
| PS8       |    1 |     0 |         1 | 100.00 |
| SYSMONE4  |    0 |     0 |         1 |   0.00 |
+-----------+------+-------+-----------+--------+


8. CONFIGURATION
----------------

+-------------+------+-------+-----------+-------+
|  Site Type  | Used | Fixed | Available | Util% |
+-------------+------+-------+-----------+-------+
| BSCANE2     |    0 |     0 |         4 |  0.00 |
| DNA_PORTE2  |    0 |     0 |         1 |  0.00 |
| EFUSE_USR   |    0 |     0 |         1 |  0.00 |
| FRAME_ECCE4 |    0 |     0 |         1 |  0.00 |
| ICAPE3      |    0 |     0 |         2 |  0.00 |
| MASTER_JTAG |    0 |     0 |         1 |  0.00 |
| STARTUPE3   |    0 |     0 |         1 |  0.00 |
+-------------+------+-------+-----------+-------+


9. Primitives
-------------

+----------+-------+---------------------+
| Ref Name |  Used | Functional Category |
+----------+-------+---------------------+
| FDRE     | 49271 |            Register |
| LUT6     | 14662 |                 CLB |
| LUT4     |  7500 |                 CLB |
| LUT5     |  6698 |                 CLB |
| LUT3     |  4844 |                 CLB |
| LUT2     |  3037 |                 CLB |
| RAMD64E  |  2112 |                 CLB |
| RAMS32   |  1944 |                 CLB |
| CARRY8   |  1244 |                 CLB |
| RAMD32   |   728 |                 CLB |
| FDSE     |   560 |            Register |
| LUT1     |   360 |                 CLB |
| SRL16E   |   215 |                 CLB |
| RAMB36E2 |   138 |           Block Ram |
| SRLC32E  |    88 |                 CLB |
| FDCE     |    69 |            Register |
| RAMS64E  |    48 |                 CLB |
| RAMB18E2 |    33 |           Block Ram |
| FDPE     |    33 |            Register |
| DSP48E2  |    32 |          Arithmetic |
| INBUF    |     8 |                 I/O |
| IBUFCTRL |     8 |              Others |
| OBUFT    |     6 |                 I/O |
| OBUF     |     2 |                 I/O |
| PS8      |     1 |            Advanced |
| BUFG_PS  |     1 |               Clock |
+----------+-------+---------------------+


10. Black Boxes
---------------

+----------+------+
| Ref Name | Used |
+----------+------+


11. Instantiated Netlists
-------------------------

+-----------------------------+------+
|           Ref Name          | Used |
+-----------------------------+------+
| procsys_zynq_ultra_ps_e_0_0 |    1 |
| procsys_rst_ps8_0_299M_0    |    1 |
| procsys_axi_smc_0           |    1 |
| procsys_auto_pc_0           |    1 |
| procsys_auto_ds_0           |    1 |
| BBJ_u96_cnvW2A2_0           |    1 |
+-----------------------------+------+


