#-----------------------------------------------------------
# Vivado v2018.2 (64-bit)
# SW Build 2258646 on Thu Jun 14 20:03:12 MDT 2018
# IP Build 2256618 on Thu Jun 14 22:10:49 MDT 2018
# Start of session at: Sun Dec 22 12:00:42 2019
# Process ID: 16528
# Current directory: C:/Users/Adam/AppData/Roaming/Xilinx/Vivado
# Command line: vivado.exe -gui_launcher_event rodinguilauncherevent15080
# Log file: C:/Users/Adam/AppData/Roaming/Xilinx/Vivado/vivado.log
# Journal file: C:/Users/Adam/AppData/Roaming/Xilinx/Vivado\vivado.jou
#-----------------------------------------------------------
start_gui
open_project D:/Adam/Documents/Vivado_Projects/IoT-Recon/IoT-Recon.xpr
Scanning sources...
Finished scanning sources
INFO: [IP_Flow 19-234] Refreshing IP repositories
INFO: [IP_Flow 19-1700] Loaded user IP repository 'd:/Adam/Documents/Vivado_Projects/BNN-HLS-Outputs/cnvW1A1-ultra96'.
INFO: [IP_Flow 19-1700] Loaded user IP repository 'd:/Adam/Documents/Vivado_Projects/BNN-HLS-Outputs/cnvW1A2-ultra96'.
INFO: [IP_Flow 19-1700] Loaded user IP repository 'd:/Adam/Documents/Vivado_Projects/BNN-HLS-Outputs/cnvW2A2-ultra96'.
INFO: [IP_Flow 19-1700] Loaded user IP repository 'd:/Adam/Documents/Vivado_Projects/BNN-HLS-Outputs/lfcW1A1-ultra96'.
INFO: [IP_Flow 19-1700] Loaded user IP repository 'd:/Adam/Documents/Vivado_Projects/BNN-HLS-Outputs/lfcW1A2-ultra96'.
INFO: [IP_Flow 19-2313] Loaded Vivado IP repository 'D:/Xilinx/Vivado/2018.2/data/ip'.
WARNING: [IP_Flow 19-2162] IP 'BBJ_u96_cnvW1A1_0' is locked:
* IP 'BBJ_u96_cnvW1A1_0' was locked by user.
Please select 'Report IP Status' from the 'Tools/Report' menu or run Tcl command 'report_ip_status' for more information.
WARNING: [IP_Flow 19-2162] IP 'lfcw1a2_BBox_0' is locked:
* IP 'lfcw1a2_BBox_0' was locked by user.
Please select 'Report IP Status' from the 'Tools/Report' menu or run Tcl command 'report_ip_status' for more information.
WARNING: [IP_Flow 19-2162] IP 'BBJ_u96_cnvW2A2_0' is locked:
* IP 'BBJ_u96_cnvW2A2_0' was locked by user.
Please select 'Report IP Status' from the 'Tools/Report' menu or run Tcl command 'report_ip_status' for more information.
WARNING: [IP_Flow 19-2162] IP 'lfcw1a1_BBox_0' is locked:
* IP 'lfcw1a1_BBox_0' was locked by user.
Please select 'Report IP Status' from the 'Tools/Report' menu or run Tcl command 'report_ip_status' for more information.
open_project: Time (s): cpu = 00:00:31 ; elapsed = 00:00:32 . Memory (MB): peak = 1384.406 ; gain = 660.762
update_compile_order -fileset sources_1
archive_project D:/Adam/Documents/Vivado_Projects/IoT-Recon.xpr.zip -temp_dir C:/Users/Adam/AppData/Roaming/Xilinx/Vivado/.Xil/Vivado-16528-DESKTOP-RKNG8TM -force -include_local_ip_cache -include_config_settings
INFO: [Coretcl 2-137] starting archive...
INFO: [Coretcl 2-1499] Saving project copy to temporary location 'C:/Users/Adam/AppData/Roaming/Xilinx/Vivado/.Xil/Vivado-16528-DESKTOP-RKNG8TM' for archiving project
Scanning sources...
Finished scanning sources
INFO: [IP_Flow 19-234] Refreshing IP repositories
INFO: [IP_Flow 19-1700] Loaded user IP repository 'd:/Adam/Documents/Vivado_Projects/BNN-HLS-Outputs/cnvW1A1-ultra96'.
INFO: [IP_Flow 19-1700] Loaded user IP repository 'd:/Adam/Documents/Vivado_Projects/BNN-HLS-Outputs/cnvW1A2-ultra96'.
INFO: [IP_Flow 19-1700] Loaded user IP repository 'd:/Adam/Documents/Vivado_Projects/BNN-HLS-Outputs/cnvW2A2-ultra96'.
INFO: [IP_Flow 19-1700] Loaded user IP repository 'd:/Adam/Documents/Vivado_Projects/BNN-HLS-Outputs/lfcW1A1-ultra96'.
INFO: [IP_Flow 19-1700] Loaded user IP repository 'd:/Adam/Documents/Vivado_Projects/BNN-HLS-Outputs/lfcW1A2-ultra96'.
INFO: [IP_Flow 19-2313] Loaded Vivado IP repository 'D:/Xilinx/Vivado/2018.2/data/ip'.
WARNING: [IP_Flow 19-2162] IP 'BBJ_u96_cnvW1A1_0' is locked:
* IP 'BBJ_u96_cnvW1A1_0' was locked by user.
Please select 'Report IP Status' from the 'Tools/Report' menu or run Tcl command 'report_ip_status' for more information.
WARNING: [IP_Flow 19-2162] IP 'lfcw1a2_BBox_0' is locked:
* IP 'lfcw1a2_BBox_0' was locked by user.
Please select 'Report IP Status' from the 'Tools/Report' menu or run Tcl command 'report_ip_status' for more information.
WARNING: [IP_Flow 19-2162] IP 'BBJ_u96_cnvW2A2_0' is locked:
* IP 'BBJ_u96_cnvW2A2_0' was locked by user.
Please select 'Report IP Status' from the 'Tools/Report' menu or run Tcl command 'report_ip_status' for more information.
WARNING: [IP_Flow 19-2162] IP 'lfcw1a1_BBox_0' is locked:
* IP 'lfcw1a1_BBox_0' was locked by user.
Please select 'Report IP Status' from the 'Tools/Report' menu or run Tcl command 'report_ip_status' for more information.
INFO: [Coretcl 2-1211] Creating project copy for archival...
INFO: [ProjectBase 1-495] The host OS only allows 260 characters in a normal path. The project is stored in a path with more than 80 characters. If you experience any problem with archiving the project, please consider setting environment variable $TEMP to a shorter path.
Current project path is 'C:/Users/Adam/AppData/Roaming/Xilinx/Vivado/.Xil/Vivado-16528-DESKTOP-RKNG8TM/PrjAr/_X_'.
WARNING: [IP_Flow 19-2162] IP 'BBJ_u96_cnvW1A1_0' is locked:
* IP 'BBJ_u96_cnvW1A1_0' was locked by user.
Please select 'Report IP Status' from the 'Tools/Report' menu or run Tcl command 'report_ip_status' for more information.
WARNING: [IP_Flow 19-2162] IP 'BBJ_u96_cnvW1A1_0' is locked:
* IP 'BBJ_u96_cnvW1A1_0' was locked by user.
Please select 'Report IP Status' from the 'Tools/Report' menu or run Tcl command 'report_ip_status' for more information.
WARNING: [IP_Flow 19-2162] IP 'BBJ_u96_cnvW2A2_0' is locked:
* IP 'BBJ_u96_cnvW2A2_0' was locked by user.
Please select 'Report IP Status' from the 'Tools/Report' menu or run Tcl command 'report_ip_status' for more information.
WARNING: [IP_Flow 19-2162] IP 'BBJ_u96_cnvW2A2_0' is locked:
* IP 'BBJ_u96_cnvW2A2_0' was locked by user.
Please select 'Report IP Status' from the 'Tools/Report' menu or run Tcl command 'report_ip_status' for more information.
WARNING: [IP_Flow 19-2162] IP 'lfcw1a1_BBox_0' is locked:
* IP 'lfcw1a1_BBox_0' was locked by user.
Please select 'Report IP Status' from the 'Tools/Report' menu or run Tcl command 'report_ip_status' for more information.
WARNING: [IP_Flow 19-2162] IP 'lfcw1a1_BBox_0' is locked:
* IP 'lfcw1a1_BBox_0' was locked by user.
Please select 'Report IP Status' from the 'Tools/Report' menu or run Tcl command 'report_ip_status' for more information.
WARNING: [IP_Flow 19-2162] IP 'lfcw1a2_BBox_0' is locked:
* IP 'lfcw1a2_BBox_0' was locked by user.
Please select 'Report IP Status' from the 'Tools/Report' menu or run Tcl command 'report_ip_status' for more information.
WARNING: [IP_Flow 19-2162] IP 'lfcw1a2_BBox_0' is locked:
* IP 'lfcw1a2_BBox_0' was locked by user.
Please select 'Report IP Status' from the 'Tools/Report' menu or run Tcl command 'report_ip_status' for more information.
INFO: [Coretcl 2-1213] Including run results for 'synth_1'
INFO: [Coretcl 2-1213] Including run results for 'procsys_zynq_ultra_ps_e_0_0_synth_1'
INFO: [Coretcl 2-1213] Including run results for 'procsys_axi_smc_0_synth_1'
INFO: [Coretcl 2-1213] Including run results for 'procsys_rst_ps8_0_299M_0_synth_1'
INFO: [Coretcl 2-1213] Including run results for 'cnvW1A2_wrapper_synth_1'
INFO: [Coretcl 2-1213] Including run results for 'cnvW1A1_wrapper_synth_1'
INFO: [Coretcl 2-1213] Including run results for 'cnvW2A2_wrapper_synth_1'
INFO: [Coretcl 2-1213] Including run results for 'lfcW1A1_wrapper_synth_1'
INFO: [Coretcl 2-1213] Including run results for 'lfcW1A2_wrapper_synth_1'
INFO: [Coretcl 2-1213] Including run results for 'BBJ_u96_cnvW1A1_0_synth_1'
INFO: [Coretcl 2-1213] Including run results for 'lfcw1a2_BBox_0_synth_1'
INFO: [Coretcl 2-1213] Including run results for 'BBJ_u96_cnvW2A2_0_synth_1'
INFO: [Coretcl 2-1213] Including run results for 'lfcw1a1_BBox_0_synth_1'
INFO: [Coretcl 2-1213] Including run results for 'impl_1'
INFO: [Coretcl 2-133] re-setting run 'procsys_zynq_ultra_ps_e_0_0_impl_1'...
INFO: [Coretcl 2-133] re-setting run 'procsys_axi_smc_0_impl_1'...
INFO: [Coretcl 2-133] re-setting run 'procsys_rst_ps8_0_299M_0_impl_1'...
INFO: [Coretcl 2-133] re-setting run 'cnvW1A2_wrapper_impl_1'...
INFO: [Coretcl 2-133] re-setting run 'cnvW1A1_wrapper_impl_1'...
INFO: [Coretcl 2-133] re-setting run 'cnvW2A2_wrapper_impl_1'...
INFO: [Coretcl 2-133] re-setting run 'lfcW1A1_wrapper_impl_1'...
INFO: [Coretcl 2-133] re-setting run 'lfcW1A2_wrapper_impl_1'...
INFO: [Coretcl 2-1213] Including run results for 'child_0_impl_1'
INFO: [Coretcl 2-1213] Including run results for 'child_1_impl_1'
INFO: [Coretcl 2-1213] Including run results for 'child_2_impl_1'
INFO: [Coretcl 2-1213] Including run results for 'child_3_impl_1'
INFO: [Coretcl 2-133] re-setting run 'BBJ_u96_cnvW1A1_0_impl_1'...
INFO: [Coretcl 2-133] re-setting run 'lfcw1a2_BBox_0_impl_1'...
INFO: [Coretcl 2-133] re-setting run 'BBJ_u96_cnvW2A2_0_impl_1'...
INFO: [Coretcl 2-133] re-setting run 'lfcw1a1_BBox_0_impl_1'...
INFO: [Coretcl 2-1212] Importing remotely added design sources and verilog include files (if any)...
INFO: [filemgmt 20-334] All file(s) are already imported in fileset: 'BBJ_u96_cnvW1A1_0'
INFO: [filemgmt 20-348] Importing the appropriate files for fileset: 'BBJ_u96_cnvW1A1_0'
INFO: [filemgmt 20-334] All file(s) are already imported in fileset: 'BBJ_u96_cnvW2A2_0'
INFO: [filemgmt 20-348] Importing the appropriate files for fileset: 'BBJ_u96_cnvW2A2_0'
INFO: [filemgmt 20-334] All file(s) are already imported in fileset: 'cnvW1A1_wrapper'
INFO: [filemgmt 20-348] Importing the appropriate files for fileset: 'cnvW1A1_wrapper'
INFO: [filemgmt 20-334] All file(s) are already imported in fileset: 'cnvW1A2_wrapper'
INFO: [filemgmt 20-348] Importing the appropriate files for fileset: 'cnvW1A2_wrapper'
INFO: [filemgmt 20-334] All file(s) are already imported in fileset: 'cnvW2A2_wrapper'
INFO: [filemgmt 20-348] Importing the appropriate files for fileset: 'cnvW2A2_wrapper'
INFO: [filemgmt 20-334] All file(s) are already imported in fileset: 'lfcW1A1_wrapper'
INFO: [filemgmt 20-348] Importing the appropriate files for fileset: 'lfcW1A1_wrapper'
INFO: [filemgmt 20-334] All file(s) are already imported in fileset: 'lfcW1A2_wrapper'
INFO: [filemgmt 20-348] Importing the appropriate files for fileset: 'lfcW1A2_wrapper'
INFO: [filemgmt 20-334] All file(s) are already imported in fileset: 'lfcw1a1_BBox_0'
INFO: [filemgmt 20-348] Importing the appropriate files for fileset: 'lfcw1a1_BBox_0'
INFO: [filemgmt 20-334] All file(s) are already imported in fileset: 'lfcw1a2_BBox_0'
INFO: [filemgmt 20-348] Importing the appropriate files for fileset: 'lfcw1a2_BBox_0'
INFO: [filemgmt 20-334] All file(s) are already imported in fileset: 'procsys_axi_smc_0'
INFO: [filemgmt 20-348] Importing the appropriate files for fileset: 'procsys_axi_smc_0'
INFO: [filemgmt 20-334] All file(s) are already imported in fileset: 'procsys_rst_ps8_0_299M_0'
INFO: [filemgmt 20-348] Importing the appropriate files for fileset: 'procsys_rst_ps8_0_299M_0'
INFO: [filemgmt 20-334] All file(s) are already imported in fileset: 'procsys_zynq_ultra_ps_e_0_0'
INFO: [filemgmt 20-348] Importing the appropriate files for fileset: 'procsys_zynq_ultra_ps_e_0_0'
INFO: [filemgmt 20-334] All file(s) are already imported in fileset: 'constrs_1'
INFO: [filemgmt 20-348] Importing the appropriate files for fileset: 'constrs_1'
INFO: [filemgmt 20-334] All file(s) are already imported in fileset: 'sources_1'
INFO: [filemgmt 20-348] Importing the appropriate files for fileset: 'sources_1'
