Command: pr_verify -full_check -initial D:/Adam/Documents/Vivado_Projects/IoT-Recon/IoT-Recon.runs/impl_1/super_wrapper_routed.dcp -additional D:/Adam/Documents/Vivado_Projects/IoT-Recon/IoT-Recon.runs/child_0_impl_1/super_wrapper_routed.dcp -file child_0_impl_1_pr_verify.log
Sun Dec 22 02:39:03 2019

INFO: [Constraints 18-1020] PR Verify Summary:
DCP1: D:/Adam/Documents/Vivado_Projects/IoT-Recon/IoT-Recon.runs/impl_1/super_wrapper_routed.dcp
  Number of reconfigurable modules compared = 1
  Number of partition pins compared         = 45
  Number of static tiles compared           = 53244
  Number of static sites compared           = 618
  Number of static cells compared           = 7379
  Number of static routed nodes compared    = 106997
  Number of static routed pips compared     = 100919

DCP2: D:/Adam/Documents/Vivado_Projects/IoT-Recon/IoT-Recon.runs/child_0_impl_1/super_wrapper_routed.dcp
  Number of reconfigurable modules compared = 1
  Number of partition pins compared         = 45
  Number of static tiles compared           = 53244
  Number of static sites compared           = 618
  Number of static cells compared           = 7379
  Number of static routed nodes compared    = 106997
  Number of static routed pips compared     = 100919
INFO: [Vivado 12-3253] PR_VERIFY: check points D:/Adam/Documents/Vivado_Projects/IoT-Recon/IoT-Recon.runs/impl_1/super_wrapper_routed.dcp and D:/Adam/Documents/Vivado_Projects/IoT-Recon/IoT-Recon.runs/child_0_impl_1/super_wrapper_routed.dcp are compatible
