
*** Running vivado
    with args -log super_wrapper.vdi -applog -m64 -product Vivado -messageDb vivado.pb -mode batch -source super_wrapper.tcl -notrace


****** Vivado v2018.2 (64-bit)
  **** SW Build 2258646 on Thu Jun 14 20:03:12 MDT 2018
  **** IP Build 2256618 on Thu Jun 14 22:10:49 MDT 2018
    ** Copyright 1986-2018 Xilinx, Inc. All Rights Reserved.

source super_wrapper.tcl -notrace
INFO: [IP_Flow 19-234] Refreshing IP repositories
INFO: [IP_Flow 19-1700] Loaded user IP repository 'd:/Adam/Documents/Vivado_Projects/BNN-HLS-Outputs/cnvW1A1-ultra96'.
INFO: [IP_Flow 19-1700] Loaded user IP repository 'd:/Adam/Documents/Vivado_Projects/BNN-HLS-Outputs/cnvW1A2-ultra96'.
INFO: [IP_Flow 19-1700] Loaded user IP repository 'd:/Adam/Documents/Vivado_Projects/BNN-HLS-Outputs/cnvW2A2-ultra96'.
INFO: [IP_Flow 19-1700] Loaded user IP repository 'd:/Adam/Documents/Vivado_Projects/BNN-HLS-Outputs/lfcW1A1-ultra96'.
INFO: [IP_Flow 19-1700] Loaded user IP repository 'd:/Adam/Documents/Vivado_Projects/BNN-HLS-Outputs/lfcW1A2-ultra96'.
INFO: [IP_Flow 19-2313] Loaded Vivado IP repository 'D:/Xilinx/Vivado/2018.2/data/ip'.
add_files: Time (s): cpu = 00:00:09 ; elapsed = 00:00:13 . Memory (MB): peak = 895.910 ; gain = 590.648
Command: link_design -top super_wrapper -part xczu3eg-sbva484-1-i
Design is defaulting to srcset: sources_1
Design is defaulting to constrset: constrs_1
INFO: [Project 1-454] Reading design checkpoint 'd:/Adam/Documents/Vivado_Projects/FINN-PreRecon/cnvW2A2-ultra96/cnvW2A2-ultra96.srcs/sources_1/ip/BBJ_u96_cnvW2A2_0/BBJ_u96_cnvW2A2_0.dcp' for cell 'BLACKBOX_WRAPPER/BBJ_U96_CNVW2A2_0'
INFO: [Project 1-454] Reading design checkpoint 'd:/Adam/Documents/Vivado_Projects/FINN-PreRecon/cnvW2A2-ultra96/cnvW2A2-ultra96.srcs/sources_1/bd/procsys/ip/procsys_axi_smc_0/procsys_axi_smc_0.dcp' for cell 'PROCSYS_WRAPPER/procsys_i/axi_smc'
INFO: [Project 1-454] Reading design checkpoint 'd:/Adam/Documents/Vivado_Projects/FINN-PreRecon/cnvW2A2-ultra96/cnvW2A2-ultra96.srcs/sources_1/bd/procsys/ip/procsys_rst_ps8_0_299M_0/procsys_rst_ps8_0_299M_0.dcp' for cell 'PROCSYS_WRAPPER/procsys_i/rst_ps8_0_299M'
INFO: [Project 1-454] Reading design checkpoint 'd:/Adam/Documents/Vivado_Projects/FINN-PreRecon/cnvW2A2-ultra96/cnvW2A2-ultra96.srcs/sources_1/bd/procsys/ip/procsys_zynq_ultra_ps_e_0_0/procsys_zynq_ultra_ps_e_0_0.dcp' for cell 'PROCSYS_WRAPPER/procsys_i/zynq_ultra_ps_e_0'
INFO: [Project 1-454] Reading design checkpoint 'd:/Adam/Documents/Vivado_Projects/FINN-PreRecon/cnvW2A2-ultra96/cnvW2A2-ultra96.srcs/sources_1/bd/procsys/ip/procsys_auto_ds_0/procsys_auto_ds_0.dcp' for cell 'PROCSYS_WRAPPER/procsys_i/ps8_0_axi_periph/s00_couplers/auto_ds'
INFO: [Project 1-454] Reading design checkpoint 'd:/Adam/Documents/Vivado_Projects/FINN-PreRecon/cnvW2A2-ultra96/cnvW2A2-ultra96.srcs/sources_1/bd/procsys/ip/procsys_auto_pc_0/procsys_auto_pc_0.dcp' for cell 'PROCSYS_WRAPPER/procsys_i/ps8_0_axi_periph/s00_couplers/auto_pc'
INFO: [Netlist 29-17] Analyzing 3520 Unisim elements for replacement
INFO: [Netlist 29-28] Unisim Transformation completed in 2 CPU seconds
INFO: [Project 1-479] Netlist was created with Vivado 2018.2
INFO: [Device 21-403] Loading part xczu3eg-sbva484-1-i
INFO: [Project 1-570] Preparing netlist for logic optimization
Parsing XDC File [d:/Adam/Documents/Vivado_Projects/FINN-PreRecon/cnvW2A2-ultra96/cnvW2A2-ultra96.srcs/sources_1/bd/procsys/ip/procsys_zynq_ultra_ps_e_0_0/procsys_zynq_ultra_ps_e_0_0.xdc] for cell 'PROCSYS_WRAPPER/procsys_i/zynq_ultra_ps_e_0/inst'
Finished Parsing XDC File [d:/Adam/Documents/Vivado_Projects/FINN-PreRecon/cnvW2A2-ultra96/cnvW2A2-ultra96.srcs/sources_1/bd/procsys/ip/procsys_zynq_ultra_ps_e_0_0/procsys_zynq_ultra_ps_e_0_0.xdc] for cell 'PROCSYS_WRAPPER/procsys_i/zynq_ultra_ps_e_0/inst'
Parsing XDC File [d:/Adam/Documents/Vivado_Projects/FINN-PreRecon/cnvW2A2-ultra96/cnvW2A2-ultra96.srcs/sources_1/bd/procsys/ip/procsys_rst_ps8_0_299M_0/procsys_rst_ps8_0_299M_0_board.xdc] for cell 'PROCSYS_WRAPPER/procsys_i/rst_ps8_0_299M/U0'
Finished Parsing XDC File [d:/Adam/Documents/Vivado_Projects/FINN-PreRecon/cnvW2A2-ultra96/cnvW2A2-ultra96.srcs/sources_1/bd/procsys/ip/procsys_rst_ps8_0_299M_0/procsys_rst_ps8_0_299M_0_board.xdc] for cell 'PROCSYS_WRAPPER/procsys_i/rst_ps8_0_299M/U0'
Parsing XDC File [d:/Adam/Documents/Vivado_Projects/FINN-PreRecon/cnvW2A2-ultra96/cnvW2A2-ultra96.srcs/sources_1/bd/procsys/ip/procsys_rst_ps8_0_299M_0/procsys_rst_ps8_0_299M_0.xdc] for cell 'PROCSYS_WRAPPER/procsys_i/rst_ps8_0_299M/U0'
Finished Parsing XDC File [d:/Adam/Documents/Vivado_Projects/FINN-PreRecon/cnvW2A2-ultra96/cnvW2A2-ultra96.srcs/sources_1/bd/procsys/ip/procsys_rst_ps8_0_299M_0/procsys_rst_ps8_0_299M_0.xdc] for cell 'PROCSYS_WRAPPER/procsys_i/rst_ps8_0_299M/U0'
Parsing XDC File [d:/Adam/Documents/Vivado_Projects/FINN-PreRecon/cnvW2A2-ultra96/cnvW2A2-ultra96.srcs/sources_1/bd/procsys/ip/procsys_axi_smc_0/bd_0/ip/ip_1/bd_513a_psr_aclk_0_board.xdc] for cell 'PROCSYS_WRAPPER/procsys_i/axi_smc/inst/clk_map/psr_aclk/U0'
Finished Parsing XDC File [d:/Adam/Documents/Vivado_Projects/FINN-PreRecon/cnvW2A2-ultra96/cnvW2A2-ultra96.srcs/sources_1/bd/procsys/ip/procsys_axi_smc_0/bd_0/ip/ip_1/bd_513a_psr_aclk_0_board.xdc] for cell 'PROCSYS_WRAPPER/procsys_i/axi_smc/inst/clk_map/psr_aclk/U0'
Parsing XDC File [d:/Adam/Documents/Vivado_Projects/FINN-PreRecon/cnvW2A2-ultra96/cnvW2A2-ultra96.srcs/sources_1/bd/procsys/ip/procsys_axi_smc_0/bd_0/ip/ip_1/bd_513a_psr_aclk_0.xdc] for cell 'PROCSYS_WRAPPER/procsys_i/axi_smc/inst/clk_map/psr_aclk/U0'
Finished Parsing XDC File [d:/Adam/Documents/Vivado_Projects/FINN-PreRecon/cnvW2A2-ultra96/cnvW2A2-ultra96.srcs/sources_1/bd/procsys/ip/procsys_axi_smc_0/bd_0/ip/ip_1/bd_513a_psr_aclk_0.xdc] for cell 'PROCSYS_WRAPPER/procsys_i/axi_smc/inst/clk_map/psr_aclk/U0'
Parsing XDC File [D:/Adam/Documents/Vivado_Projects/FINN-PreRecon/cnvW2A2-ultra96/cnvW2A2-ultra96.srcs/constrs_1/imports/BNN-Vivado-Outputs/ultra96.xdc]
Finished Parsing XDC File [D:/Adam/Documents/Vivado_Projects/FINN-PreRecon/cnvW2A2-ultra96/cnvW2A2-ultra96.srcs/constrs_1/imports/BNN-Vivado-Outputs/ultra96.xdc]
Parsing XDC File [d:/Adam/Documents/Vivado_Projects/FINN-PreRecon/cnvW2A2-ultra96/cnvW2A2-ultra96.srcs/sources_1/bd/procsys/ip/procsys_auto_ds_0/procsys_auto_ds_0_clocks.xdc] for cell 'PROCSYS_WRAPPER/procsys_i/ps8_0_axi_periph/s00_couplers/auto_ds/inst'
Finished Parsing XDC File [d:/Adam/Documents/Vivado_Projects/FINN-PreRecon/cnvW2A2-ultra96/cnvW2A2-ultra96.srcs/sources_1/bd/procsys/ip/procsys_auto_ds_0/procsys_auto_ds_0_clocks.xdc] for cell 'PROCSYS_WRAPPER/procsys_i/ps8_0_axi_periph/s00_couplers/auto_ds/inst'
Sourcing Tcl File [D:/Xilinx/Vivado/2018.2/data/ip/xpm/xpm_cdc/tcl/xpm_cdc_async_rst.tcl] for cell 'PROCSYS_WRAPPER/procsys_i/ps8_0_axi_periph/s00_couplers/auto_ds/inst/gen_downsizer.gen_simple_downsizer.axi_downsizer_inst/USE_READ.read_addr_inst/cmd_queue/inst/fifo_gen_inst/inst_fifo_gen/gconvfifo.rf/grf.rf/rstblk/ngwrdrst.grst.g7serrst.gnsckt_wrst.rst_wr_reg2_inst'
INFO: [Timing 38-35] Done setting XDC timing constraints. [D:/Xilinx/Vivado/2018.2/data/ip/xpm/xpm_cdc/tcl/xpm_cdc_async_rst.tcl:2]
all_registers: Time (s): cpu = 00:00:17 ; elapsed = 00:00:19 . Memory (MB): peak = 1793.039 ; gain = 207.906
Finished Sourcing Tcl File [D:/Xilinx/Vivado/2018.2/data/ip/xpm/xpm_cdc/tcl/xpm_cdc_async_rst.tcl] for cell 'PROCSYS_WRAPPER/procsys_i/ps8_0_axi_periph/s00_couplers/auto_ds/inst/gen_downsizer.gen_simple_downsizer.axi_downsizer_inst/USE_READ.read_addr_inst/cmd_queue/inst/fifo_gen_inst/inst_fifo_gen/gconvfifo.rf/grf.rf/rstblk/ngwrdrst.grst.g7serrst.gnsckt_wrst.rst_wr_reg2_inst'
Sourcing Tcl File [D:/Xilinx/Vivado/2018.2/data/ip/xpm/xpm_cdc/tcl/xpm_cdc_async_rst.tcl] for cell 'PROCSYS_WRAPPER/procsys_i/ps8_0_axi_periph/s00_couplers/auto_ds/inst/gen_downsizer.gen_simple_downsizer.axi_downsizer_inst/USE_WRITE.write_addr_inst/USE_B_CHANNEL.cmd_b_queue/inst/fifo_gen_inst/inst_fifo_gen/gconvfifo.rf/grf.rf/rstblk/ngwrdrst.grst.g7serrst.gnsckt_wrst.rst_wr_reg2_inst'
Finished Sourcing Tcl File [D:/Xilinx/Vivado/2018.2/data/ip/xpm/xpm_cdc/tcl/xpm_cdc_async_rst.tcl] for cell 'PROCSYS_WRAPPER/procsys_i/ps8_0_axi_periph/s00_couplers/auto_ds/inst/gen_downsizer.gen_simple_downsizer.axi_downsizer_inst/USE_WRITE.write_addr_inst/USE_B_CHANNEL.cmd_b_queue/inst/fifo_gen_inst/inst_fifo_gen/gconvfifo.rf/grf.rf/rstblk/ngwrdrst.grst.g7serrst.gnsckt_wrst.rst_wr_reg2_inst'
Sourcing Tcl File [D:/Xilinx/Vivado/2018.2/data/ip/xpm/xpm_cdc/tcl/xpm_cdc_async_rst.tcl] for cell 'PROCSYS_WRAPPER/procsys_i/ps8_0_axi_periph/s00_couplers/auto_ds/inst/gen_downsizer.gen_simple_downsizer.axi_downsizer_inst/USE_WRITE.write_addr_inst/cmd_queue/inst/fifo_gen_inst/inst_fifo_gen/gconvfifo.rf/grf.rf/rstblk/ngwrdrst.grst.g7serrst.gnsckt_wrst.rst_wr_reg2_inst'
Finished Sourcing Tcl File [D:/Xilinx/Vivado/2018.2/data/ip/xpm/xpm_cdc/tcl/xpm_cdc_async_rst.tcl] for cell 'PROCSYS_WRAPPER/procsys_i/ps8_0_axi_periph/s00_couplers/auto_ds/inst/gen_downsizer.gen_simple_downsizer.axi_downsizer_inst/USE_WRITE.write_addr_inst/cmd_queue/inst/fifo_gen_inst/inst_fifo_gen/gconvfifo.rf/grf.rf/rstblk/ngwrdrst.grst.g7serrst.gnsckt_wrst.rst_wr_reg2_inst'
Sourcing Tcl File [D:/Xilinx/Vivado/2018.2/data/ip/xpm/xpm_memory/tcl/xpm_memory_xdc.tcl] for cell 'PROCSYS_WRAPPER/procsys_i/axi_smc/inst/s00_nodes/s00_ar_node/inst/inst_mi_handler/gen_normal_area.inst_fifo_node_payld/gen_xpm_memory_fifo.inst_fifo/gen_mem_rep[0].inst_xpm_memory'
Finished Sourcing Tcl File [D:/Xilinx/Vivado/2018.2/data/ip/xpm/xpm_memory/tcl/xpm_memory_xdc.tcl] for cell 'PROCSYS_WRAPPER/procsys_i/axi_smc/inst/s00_nodes/s00_ar_node/inst/inst_mi_handler/gen_normal_area.inst_fifo_node_payld/gen_xpm_memory_fifo.inst_fifo/gen_mem_rep[0].inst_xpm_memory'
Sourcing Tcl File [D:/Xilinx/Vivado/2018.2/data/ip/xpm/xpm_memory/tcl/xpm_memory_xdc.tcl] for cell 'PROCSYS_WRAPPER/procsys_i/axi_smc/inst/s00_nodes/s00_aw_node/inst/inst_mi_handler/gen_normal_area.inst_fifo_node_payld/gen_xpm_memory_fifo.inst_fifo/gen_mem_rep[0].inst_xpm_memory'
Finished Sourcing Tcl File [D:/Xilinx/Vivado/2018.2/data/ip/xpm/xpm_memory/tcl/xpm_memory_xdc.tcl] for cell 'PROCSYS_WRAPPER/procsys_i/axi_smc/inst/s00_nodes/s00_aw_node/inst/inst_mi_handler/gen_normal_area.inst_fifo_node_payld/gen_xpm_memory_fifo.inst_fifo/gen_mem_rep[0].inst_xpm_memory'
Sourcing Tcl File [D:/Xilinx/Vivado/2018.2/data/ip/xpm/xpm_memory/tcl/xpm_memory_xdc.tcl] for cell 'PROCSYS_WRAPPER/procsys_i/axi_smc/inst/s00_nodes/s00_b_node/inst/inst_mi_handler/gen_normal_area.inst_fifo_node_payld/gen_xpm_memory_fifo.inst_fifo/gen_mem_rep[0].inst_xpm_memory'
Finished Sourcing Tcl File [D:/Xilinx/Vivado/2018.2/data/ip/xpm/xpm_memory/tcl/xpm_memory_xdc.tcl] for cell 'PROCSYS_WRAPPER/procsys_i/axi_smc/inst/s00_nodes/s00_b_node/inst/inst_mi_handler/gen_normal_area.inst_fifo_node_payld/gen_xpm_memory_fifo.inst_fifo/gen_mem_rep[0].inst_xpm_memory'
Sourcing Tcl File [D:/Xilinx/Vivado/2018.2/data/ip/xpm/xpm_memory/tcl/xpm_memory_xdc.tcl] for cell 'PROCSYS_WRAPPER/procsys_i/axi_smc/inst/s00_nodes/s00_r_node/inst/inst_mi_handler/gen_normal_area.inst_fifo_node_payld/gen_xpm_memory_fifo.inst_fifo/gen_mem_rep[0].inst_xpm_memory'
Finished Sourcing Tcl File [D:/Xilinx/Vivado/2018.2/data/ip/xpm/xpm_memory/tcl/xpm_memory_xdc.tcl] for cell 'PROCSYS_WRAPPER/procsys_i/axi_smc/inst/s00_nodes/s00_r_node/inst/inst_mi_handler/gen_normal_area.inst_fifo_node_payld/gen_xpm_memory_fifo.inst_fifo/gen_mem_rep[0].inst_xpm_memory'
Sourcing Tcl File [D:/Xilinx/Vivado/2018.2/data/ip/xpm/xpm_memory/tcl/xpm_memory_xdc.tcl] for cell 'PROCSYS_WRAPPER/procsys_i/axi_smc/inst/s00_nodes/s00_w_node/inst/inst_mi_handler/gen_normal_area.inst_fifo_node_payld/gen_xpm_memory_fifo.inst_fifo/gen_mem_rep[0].inst_xpm_memory'
Finished Sourcing Tcl File [D:/Xilinx/Vivado/2018.2/data/ip/xpm/xpm_memory/tcl/xpm_memory_xdc.tcl] for cell 'PROCSYS_WRAPPER/procsys_i/axi_smc/inst/s00_nodes/s00_w_node/inst/inst_mi_handler/gen_normal_area.inst_fifo_node_payld/gen_xpm_memory_fifo.inst_fifo/gen_mem_rep[0].inst_xpm_memory'
INFO: [Opt 31-138] Pushed 0 inverter(s) to 0 load pin(s).
INFO: [Project 1-111] Unisim Transformation Summary:
  A total of 2262 instances were transformed.
  DSP48E2 => DSP48E2 (DSP_ALU, DSP_A_B_DATA, DSP_C_DATA, DSP_MULTIPLIER, DSP_M_DATA, DSP_OUTPUT, DSP_PREADD_DATA, DSP_PREADD): 32 instances
  IBUF => IBUF (IBUFCTRL, INBUF): 2 instances
  IOBUF => IOBUF (IBUFCTRL, INBUF, OBUFT): 6 instances
  RAM16X1S => RAM32X1S (RAMS32): 1840 instances
  RAM32M16 => RAM32M16 (RAMD32, RAMD32, RAMD32, RAMD32, RAMD32, RAMD32, RAMD32, RAMD32, RAMD32, RAMD32, RAMD32, RAMD32, RAMD32, RAMD32, RAMS32, RAMS32): 70 instances
  RAM64M8 => RAM64M8 (RAMD64E, RAMD64E, RAMD64E, RAMD64E, RAMD64E, RAMD64E, RAMD64E, RAMD64E): 264 instances
  RAM64X1S => RAM64X1S (RAMS64E): 48 instances

21 Infos, 0 Warnings, 0 Critical Warnings and 0 Errors encountered.
link_design completed successfully
link_design: Time (s): cpu = 00:00:54 ; elapsed = 00:01:13 . Memory (MB): peak = 1793.355 ; gain = 897.445
Command: opt_design -directive ExploreWithRemap
INFO: [Vivado_Tcl 4-136] Directive used for opt_design is: ExploreWithRemap
Attempting to get a license for feature 'Implementation' and/or device 'xczu3eg'
INFO: [Common 17-349] Got license for feature 'Implementation' and/or device 'xczu3eg'
Running DRC as a precondition to command opt_design

Starting DRC Task
INFO: [DRC 23-27] Running DRC with 2 threads
INFO: [Project 1-461] DRC finished with 0 Errors
INFO: [Project 1-462] Please refer to the DRC report (report_drc) for more information.

Time (s): cpu = 00:00:03 ; elapsed = 00:00:03 . Memory (MB): peak = 1793.355 ; gain = 0.000

Starting Logic Optimization Task
INFO: [Timing 38-35] Done setting XDC timing constraints.

Phase 1 Retarget
INFO: [Opt 31-138] Pushed 16 inverter(s) to 4194 load pin(s).
INFO: [Opt 31-49] Retargeted 0 cell(s).
Phase 1 Retarget | Checksum: 1dbe9acbc

Time (s): cpu = 00:00:25 ; elapsed = 00:00:25 . Memory (MB): peak = 1819.832 ; gain = 26.477
INFO: [Opt 31-389] Phase Retarget created 0 cells and removed 0 cells

Phase 2 Constant propagation
INFO: [Opt 31-138] Pushed 2 inverter(s) to 2 load pin(s).
Phase 2 Constant propagation | Checksum: 1e5da69d9

Time (s): cpu = 00:00:27 ; elapsed = 00:00:28 . Memory (MB): peak = 1819.832 ; gain = 26.477
INFO: [Opt 31-389] Phase Constant propagation created 20 cells and removed 497 cells

Phase 3 BUFG optimization
Phase 3 BUFG optimization | Checksum: 1e5da69d9

Time (s): cpu = 00:00:32 ; elapsed = 00:00:33 . Memory (MB): peak = 1819.832 ; gain = 26.477
INFO: [Opt 31-662] Phase BUFG optimization created 0 cells of which 0 are BUFGs and removed 0 cells.

Phase 4 Shift Register Optimization
Phase 4 Shift Register Optimization | Checksum: 1990601a6

Time (s): cpu = 00:00:37 ; elapsed = 00:00:41 . Memory (MB): peak = 1819.832 ; gain = 26.477
INFO: [Opt 31-389] Phase Shift Register Optimization created 0 cells and removed 0 cells

Phase 5 Sweep
Phase 5 Sweep | Checksum: 20df29f4c

Time (s): cpu = 00:00:41 ; elapsed = 00:00:47 . Memory (MB): peak = 1819.832 ; gain = 26.477
INFO: [Opt 31-389] Phase Sweep created 0 cells and removed 1213 cells

Phase 6 Constant propagation
INFO: [Opt 31-138] Pushed 0 inverter(s) to 0 load pin(s).
Phase 6 Constant propagation | Checksum: 20df29f4c

Time (s): cpu = 00:00:43 ; elapsed = 00:00:50 . Memory (MB): peak = 1819.832 ; gain = 26.477
INFO: [Opt 31-389] Phase Constant propagation created 0 cells and removed 0 cells

Phase 7 Sweep
Phase 7 Sweep | Checksum: 18dbe6642

Time (s): cpu = 00:00:46 ; elapsed = 00:00:54 . Memory (MB): peak = 1819.832 ; gain = 26.477
INFO: [Opt 31-389] Phase Sweep created 0 cells and removed 0 cells

Phase 8 Remap
Phase 8 Remap | Checksum: 2312a02b7

Time (s): cpu = 00:01:03 ; elapsed = 00:01:16 . Memory (MB): peak = 1819.832 ; gain = 26.477
INFO: [Opt 31-389] Phase Remap created 7148 cells and removed 7156 cells

Phase 9 Post Processing Netlist
Phase 9 Post Processing Netlist | Checksum: 1a25904f1

Time (s): cpu = 00:01:05 ; elapsed = 00:01:17 . Memory (MB): peak = 1819.832 ; gain = 26.477
INFO: [Opt 31-389] Phase Post Processing Netlist created 0 cells and removed 0 cells

Starting Connectivity Check Task

Time (s): cpu = 00:00:00 ; elapsed = 00:00:00.345 . Memory (MB): peak = 1819.832 ; gain = 0.000
Ending Logic Optimization Task | Checksum: 1daaead71

Time (s): cpu = 00:01:10 ; elapsed = 00:01:24 . Memory (MB): peak = 1819.832 ; gain = 26.477

Starting Final Cleanup Task
Ending Final Cleanup Task | Checksum: 1daaead71

Time (s): cpu = 00:00:00 ; elapsed = 00:00:00 . Memory (MB): peak = 1819.832 ; gain = 0.000
INFO: [Common 17-83] Releasing license: Implementation
41 Infos, 0 Warnings, 0 Critical Warnings and 0 Errors encountered.
opt_design completed successfully
opt_design: Time (s): cpu = 00:01:14 ; elapsed = 00:01:27 . Memory (MB): peak = 1819.832 ; gain = 26.477
INFO: [Timing 38-480] Writing timing data to binary archive.
Writing placer database...
Writing XDEF routing.
Writing XDEF routing logical nets.
Writing XDEF routing special nets.
Write XDEF Complete: Time (s): cpu = 00:00:00 ; elapsed = 00:00:00.150 . Memory (MB): peak = 1819.832 ; gain = 0.000
INFO: [Common 17-1381] The checkpoint 'D:/Adam/Documents/Vivado_Projects/FINN-PreRecon/cnvW2A2-ultra96/cnvW2A2-ultra96.runs/impl_1/super_wrapper_opt.dcp' has been generated.
write_checkpoint: Time (s): cpu = 00:00:19 ; elapsed = 00:00:18 . Memory (MB): peak = 1819.832 ; gain = 0.000
INFO: [runtcl-4] Executing : report_drc -file super_wrapper_drc_opted.rpt -pb super_wrapper_drc_opted.pb -rpx super_wrapper_drc_opted.rpx
Command: report_drc -file super_wrapper_drc_opted.rpt -pb super_wrapper_drc_opted.pb -rpx super_wrapper_drc_opted.rpx
INFO: [DRC 23-27] Running DRC with 2 threads
INFO: [Coretcl 2-168] The results of DRC are in file D:/Adam/Documents/Vivado_Projects/FINN-PreRecon/cnvW2A2-ultra96/cnvW2A2-ultra96.runs/impl_1/super_wrapper_drc_opted.rpt.
report_drc completed successfully
report_drc: Time (s): cpu = 00:00:19 ; elapsed = 00:00:18 . Memory (MB): peak = 2629.789 ; gain = 809.957
Command: place_design -directive ExtraTimingOpt
Attempting to get a license for feature 'Implementation' and/or device 'xczu3eg'
INFO: [Common 17-349] Got license for feature 'Implementation' and/or device 'xczu3eg'
INFO: [DRC 23-27] Running DRC with 2 threads
INFO: [Vivado_Tcl 4-198] DRC finished with 0 Errors
INFO: [Vivado_Tcl 4-199] Please refer to the DRC report (report_drc) for more information.
Running DRC as a precondition to command place_design
INFO: [DRC 23-27] Running DRC with 2 threads
INFO: [Vivado_Tcl 4-198] DRC finished with 0 Errors
INFO: [Vivado_Tcl 4-199] Please refer to the DRC report (report_drc) for more information.

Starting Placer Task
INFO: [Place 46-5] The placer was invoked with the 'ExtraTimingOpt' directive.
INFO: [Place 30-611] Multithreading enabled for place_design using a maximum of 2 CPUs

Phase 1 Placer Initialization

Phase 1.1 Placer Initialization Netlist Sorting
Netlist sorting complete. Time (s): cpu = 00:00:00 ; elapsed = 00:00:00.410 . Memory (MB): peak = 2797.965 ; gain = 0.000
Phase 1.1 Placer Initialization Netlist Sorting | Checksum: 154f5ca45

Time (s): cpu = 00:00:00 ; elapsed = 00:00:00.547 . Memory (MB): peak = 2797.965 ; gain = 0.000
INFO: [Timing 38-35] Done setting XDC timing constraints.
INFO: [Opt 31-138] Pushed 0 inverter(s) to 0 load pin(s).
Netlist sorting complete. Time (s): cpu = 00:00:00 ; elapsed = 00:00:00.266 . Memory (MB): peak = 2797.965 ; gain = 0.000

Phase 1.2 IO Placement/ Clock Placement/ Build Placer Device
INFO: [Timing 38-35] Done setting XDC timing constraints.
Phase 1.2 IO Placement/ Clock Placement/ Build Placer Device | Checksum: 175359fcb

Time (s): cpu = 00:01:32 ; elapsed = 00:02:03 . Memory (MB): peak = 3748.188 ; gain = 950.223

Phase 1.3 Build Placer Netlist Model
Phase 1.3 Build Placer Netlist Model | Checksum: 22085a28b

Time (s): cpu = 00:02:11 ; elapsed = 00:02:42 . Memory (MB): peak = 3748.188 ; gain = 950.223

Phase 1.4 Constrain Clocks/Macros
Phase 1.4 Constrain Clocks/Macros | Checksum: 22085a28b

Time (s): cpu = 00:02:12 ; elapsed = 00:02:42 . Memory (MB): peak = 3748.188 ; gain = 950.223
Phase 1 Placer Initialization | Checksum: 22085a28b

Time (s): cpu = 00:02:12 ; elapsed = 00:02:43 . Memory (MB): peak = 3748.188 ; gain = 950.223

Phase 2 Global Placement

Phase 2.1 Floorplanning
Phase 2.1 Floorplanning | Checksum: 22dda60cc

Time (s): cpu = 00:02:21 ; elapsed = 00:02:52 . Memory (MB): peak = 3748.188 ; gain = 950.223

Phase 2.2 Physical Synthesis In Placer
INFO: [Physopt 32-76] Pass 1. Identified 2 candidate nets for fanout optimization.
INFO: [Physopt 32-81] Processed net PROCSYS_WRAPPER/procsys_i/rst_ps8_0_299M/U0/peripheral_aresetn[0]. Replicated 29 times.
INFO: [Physopt 32-81] Processed net BLACKBOX_WRAPPER/BBJ_U96_CNVW2A2_0/inst/grp_DoCompute_fu_418/Matrix_Vector_Activa_U0/weights1_m_weights_V_address0[0]. Replicated 9 times.
INFO: [Physopt 32-232] Optimized 2 nets. Created 38 new instances.
INFO: [Physopt 32-775] End 1 Pass. Optimized 2 nets or cells. Created 38 new cells, deleted 0 existing cell and moved 0 existing cell
Netlist sorting complete. Time (s): cpu = 00:00:01 ; elapsed = 00:00:01 . Memory (MB): peak = 3748.188 ; gain = 0.000
INFO: [Physopt 32-64] No nets found for fanout-optimization.
INFO: [Physopt 32-232] Optimized 0 net. Created 0 new instance.
INFO: [Physopt 32-775] End 1 Pass. Optimized 0 net or cell. Created 0 new cell, deleted 0 existing cell and moved 0 existing cell
INFO: [Physopt 32-117] Net BLACKBOX_WRAPPER/BBJ_U96_CNVW2A2_0/inst/BBJ_u96_cnvW2A2_control_s_axi_U/ram_reg_0_0_3[0] could not be optimized because driver BLACKBOX_WRAPPER/BBJ_U96_CNVW2A2_0/inst/BBJ_u96_cnvW2A2_control_s_axi_U/ram_reg_0_0_i_17__1 could not be replicated
INFO: [Physopt 32-117] Net BLACKBOX_WRAPPER/BBJ_U96_CNVW2A2_0/inst/BBJ_u96_cnvW2A2_control_s_axi_U/ram_reg_1_3_2[0] could not be optimized because driver BLACKBOX_WRAPPER/BBJ_U96_CNVW2A2_0/inst/BBJ_u96_cnvW2A2_control_s_axi_U/ram_reg_1_0_i_1__0 could not be replicated
INFO: [Physopt 32-117] Net BLACKBOX_WRAPPER/BBJ_U96_CNVW2A2_0/inst/BBJ_u96_cnvW2A2_control_s_axi_U/weights4_m_weights_V_ce0 could not be optimized because driver BLACKBOX_WRAPPER/BBJ_U96_CNVW2A2_0/inst/BBJ_u96_cnvW2A2_control_s_axi_U/ram_reg_0_i_1__8 could not be replicated
INFO: [Physopt 32-117] Net BLACKBOX_WRAPPER/BBJ_U96_CNVW2A2_0/inst/BBJ_u96_cnvW2A2_control_s_axi_U/ram_reg_2_15_0 could not be optimized because driver BLACKBOX_WRAPPER/BBJ_U96_CNVW2A2_0/inst/BBJ_u96_cnvW2A2_control_s_axi_U/ram_reg_2_0_i_1 could not be replicated
INFO: [Physopt 32-117] Net BLACKBOX_WRAPPER/BBJ_U96_CNVW2A2_0/inst/BBJ_u96_cnvW2A2_control_s_axi_U/ram_reg_0_15_0 could not be optimized because driver BLACKBOX_WRAPPER/BBJ_U96_CNVW2A2_0/inst/BBJ_u96_cnvW2A2_control_s_axi_U/ram_reg_0_0_i_1 could not be replicated
INFO: [Physopt 32-117] Net BLACKBOX_WRAPPER/BBJ_U96_CNVW2A2_0/inst/BBJ_u96_cnvW2A2_control_s_axi_U/ram_reg_0_3_0 could not be optimized because driver BLACKBOX_WRAPPER/BBJ_U96_CNVW2A2_0/inst/BBJ_u96_cnvW2A2_control_s_axi_U/ram_reg_0_0_i_1__1 could not be replicated
INFO: [Physopt 32-117] Net BLACKBOX_WRAPPER/BBJ_U96_CNVW2A2_0/inst/BBJ_u96_cnvW2A2_control_s_axi_U/ram_reg_1_15_0 could not be optimized because driver BLACKBOX_WRAPPER/BBJ_U96_CNVW2A2_0/inst/BBJ_u96_cnvW2A2_control_s_axi_U/ram_reg_1_0_i_1__1 could not be replicated
INFO: [Physopt 32-117] Net BLACKBOX_WRAPPER/BBJ_U96_CNVW2A2_0/inst/BBJ_u96_cnvW2A2_control_s_axi_U/ram_reg_0_0[0] could not be optimized because driver BLACKBOX_WRAPPER/BBJ_U96_CNVW2A2_0/inst/BBJ_u96_cnvW2A2_control_s_axi_U/ram_reg_0_i_1__0 could not be replicated
INFO: [Physopt 32-117] Net BLACKBOX_WRAPPER/BBJ_U96_CNVW2A2_0/inst/BBJ_u96_cnvW2A2_control_s_axi_U/ce0 could not be optimized because driver BLACKBOX_WRAPPER/BBJ_U96_CNVW2A2_0/inst/BBJ_u96_cnvW2A2_control_s_axi_U/ram_reg_0_i_1__9 could not be replicated
INFO: [Physopt 32-117] Net BLACKBOX_WRAPPER/BBJ_U96_CNVW2A2_0/inst/BBJ_u96_cnvW2A2_control_s_axi_U/ram_reg_5 could not be optimized because driver BLACKBOX_WRAPPER/BBJ_U96_CNVW2A2_0/inst/BBJ_u96_cnvW2A2_control_s_axi_U/ram_reg_0_i_1__10 could not be replicated
INFO: [Physopt 32-117] Net BLACKBOX_WRAPPER/BBJ_U96_CNVW2A2_0/inst/BBJ_u96_cnvW2A2_control_s_axi_U/ram_reg_0_0_1[0] could not be optimized because driver BLACKBOX_WRAPPER/BBJ_U96_CNVW2A2_0/inst/BBJ_u96_cnvW2A2_control_s_axi_U/ram_reg_0_0_i_17__0 could not be replicated
INFO: [Physopt 32-117] Net BLACKBOX_WRAPPER/BBJ_U96_CNVW2A2_0/inst/BBJ_u96_cnvW2A2_control_s_axi_U/ram_reg_0_9[0] could not be optimized because driver BLACKBOX_WRAPPER/BBJ_U96_CNVW2A2_0/inst/BBJ_u96_cnvW2A2_control_s_axi_U/ram_reg_0_i_1__7 could not be replicated
INFO: [Physopt 32-117] Net BLACKBOX_WRAPPER/BBJ_U96_CNVW2A2_0/inst/BBJ_u96_cnvW2A2_control_s_axi_U/ram_reg_1_3_0[0] could not be optimized because driver BLACKBOX_WRAPPER/BBJ_U96_CNVW2A2_0/inst/BBJ_u96_cnvW2A2_control_s_axi_U/ram_reg_1_0_i_2 could not be replicated
INFO: [Physopt 32-117] Net BLACKBOX_WRAPPER/BBJ_U96_CNVW2A2_0/inst/BBJ_u96_cnvW2A2_control_s_axi_U/ram_reg_1_0 could not be optimized because driver BLACKBOX_WRAPPER/BBJ_U96_CNVW2A2_0/inst/BBJ_u96_cnvW2A2_control_s_axi_U/ram_reg_1_0_i_1__2 could not be replicated
INFO: [Physopt 32-117] Net BLACKBOX_WRAPPER/BBJ_U96_CNVW2A2_0/inst/BBJ_u96_cnvW2A2_control_s_axi_U/ram_reg_0_0_0 could not be optimized because driver BLACKBOX_WRAPPER/BBJ_U96_CNVW2A2_0/inst/BBJ_u96_cnvW2A2_control_s_axi_U/ram_reg_0_0_i_1__0 could not be replicated
INFO: [Physopt 32-117] Net BLACKBOX_WRAPPER/BBJ_U96_CNVW2A2_0/inst/BBJ_u96_cnvW2A2_control_s_axi_U/weights7_m_weights_V_address0[1] could not be optimized because driver BLACKBOX_WRAPPER/BBJ_U96_CNVW2A2_0/inst/BBJ_u96_cnvW2A2_control_s_axi_U/ram_reg_0_0_i_15 could not be replicated
INFO: [Physopt 32-117] Net BLACKBOX_WRAPPER/BBJ_U96_CNVW2A2_0/inst/BBJ_u96_cnvW2A2_control_s_axi_U/ram_reg_1_3 could not be optimized because driver BLACKBOX_WRAPPER/BBJ_U96_CNVW2A2_0/inst/BBJ_u96_cnvW2A2_control_s_axi_U/ram_reg_1_0_i_1 could not be replicated
INFO: [Physopt 32-117] Net BLACKBOX_WRAPPER/BBJ_U96_CNVW2A2_0/inst/BBJ_u96_cnvW2A2_control_s_axi_U/weights7_m_weights_V_address0[0] could not be optimized because driver BLACKBOX_WRAPPER/BBJ_U96_CNVW2A2_0/inst/BBJ_u96_cnvW2A2_control_s_axi_U/ram_reg_0_0_i_16 could not be replicated
INFO: [Physopt 32-117] Net BLACKBOX_WRAPPER/BBJ_U96_CNVW2A2_0/inst/BBJ_u96_cnvW2A2_control_s_axi_U/ram_reg_0_2_0[0] could not be optimized because driver BLACKBOX_WRAPPER/BBJ_U96_CNVW2A2_0/inst/BBJ_u96_cnvW2A2_control_s_axi_U/ram_reg_0_2_i_15 could not be replicated
INFO: [Physopt 32-117] Net BLACKBOX_WRAPPER/BBJ_U96_CNVW2A2_0/inst/BBJ_u96_cnvW2A2_control_s_axi_U/weights7_m_weights_V_address0[3] could not be optimized because driver BLACKBOX_WRAPPER/BBJ_U96_CNVW2A2_0/inst/BBJ_u96_cnvW2A2_control_s_axi_U/ram_reg_0_0_i_13 could not be replicated
INFO: [Physopt 32-117] Net BLACKBOX_WRAPPER/BBJ_U96_CNVW2A2_0/inst/BBJ_u96_cnvW2A2_control_s_axi_U/weights5_m_weights_V_address0[0] could not be optimized because driver BLACKBOX_WRAPPER/BBJ_U96_CNVW2A2_0/inst/BBJ_u96_cnvW2A2_control_s_axi_U/ram_reg_0_0_i_16__1 could not be replicated
INFO: [Physopt 32-117] Net BLACKBOX_WRAPPER/BBJ_U96_CNVW2A2_0/inst/BBJ_u96_cnvW2A2_control_s_axi_U/weights5_m_weights_V_address0[3] could not be optimized because driver BLACKBOX_WRAPPER/BBJ_U96_CNVW2A2_0/inst/BBJ_u96_cnvW2A2_control_s_axi_U/ram_reg_0_0_i_13__1 could not be replicated
INFO: [Physopt 32-117] Net BLACKBOX_WRAPPER/BBJ_U96_CNVW2A2_0/inst/BBJ_u96_cnvW2A2_control_s_axi_U/addr0[0] could not be optimized because driver BLACKBOX_WRAPPER/BBJ_U96_CNVW2A2_0/inst/BBJ_u96_cnvW2A2_control_s_axi_U/ram_reg_0_i_12__0 could not be replicated
INFO: [Physopt 32-117] Net BLACKBOX_WRAPPER/BBJ_U96_CNVW2A2_0/inst/BBJ_u96_cnvW2A2_control_s_axi_U/ram_reg_0_11[2] could not be optimized because driver BLACKBOX_WRAPPER/BBJ_U96_CNVW2A2_0/inst/BBJ_u96_cnvW2A2_control_s_axi_U/ram_reg_0_i_13__0 could not be replicated
INFO: [Physopt 32-117] Net BLACKBOX_WRAPPER/BBJ_U96_CNVW2A2_0/inst/BBJ_u96_cnvW2A2_control_s_axi_U/weights7_m_weights_V_address0[5] could not be optimized because driver BLACKBOX_WRAPPER/BBJ_U96_CNVW2A2_0/inst/BBJ_u96_cnvW2A2_control_s_axi_U/ram_reg_0_0_i_11 could not be replicated
INFO: [Physopt 32-117] Net BLACKBOX_WRAPPER/BBJ_U96_CNVW2A2_0/inst/BBJ_u96_cnvW2A2_control_s_axi_U/ram_reg_0_2_0[2] could not be optimized because driver BLACKBOX_WRAPPER/BBJ_U96_CNVW2A2_0/inst/BBJ_u96_cnvW2A2_control_s_axi_U/ram_reg_0_2_i_13 could not be replicated
INFO: [Physopt 32-117] Net BLACKBOX_WRAPPER/BBJ_U96_CNVW2A2_0/inst/BBJ_u96_cnvW2A2_control_s_axi_U/ram_reg_0_2_0[3] could not be optimized because driver BLACKBOX_WRAPPER/BBJ_U96_CNVW2A2_0/inst/BBJ_u96_cnvW2A2_control_s_axi_U/ram_reg_0_2_i_12 could not be replicated
INFO: [Physopt 32-117] Net BLACKBOX_WRAPPER/BBJ_U96_CNVW2A2_0/inst/BBJ_u96_cnvW2A2_control_s_axi_U/ram_reg_0_10_0[0] could not be optimized because driver BLACKBOX_WRAPPER/BBJ_U96_CNVW2A2_0/inst/BBJ_u96_cnvW2A2_control_s_axi_U/ram_reg_0_10_i_15 could not be replicated
INFO: [Physopt 32-117] Net BLACKBOX_WRAPPER/BBJ_U96_CNVW2A2_0/inst/BBJ_u96_cnvW2A2_control_s_axi_U/ram_reg_0_8_0[0] could not be optimized because driver BLACKBOX_WRAPPER/BBJ_U96_CNVW2A2_0/inst/BBJ_u96_cnvW2A2_control_s_axi_U/ram_reg_0_8_i_15 could not be replicated
INFO: [Physopt 32-117] Net BLACKBOX_WRAPPER/BBJ_U96_CNVW2A2_0/inst/BBJ_u96_cnvW2A2_control_s_axi_U/ram_reg_0_11[4] could not be optimized because driver BLACKBOX_WRAPPER/BBJ_U96_CNVW2A2_0/inst/BBJ_u96_cnvW2A2_control_s_axi_U/ram_reg_0_i_11 could not be replicated
INFO: [Physopt 32-117] Net BLACKBOX_WRAPPER/BBJ_U96_CNVW2A2_0/inst/BBJ_u96_cnvW2A2_control_s_axi_U/addr0[1] could not be optimized because driver BLACKBOX_WRAPPER/BBJ_U96_CNVW2A2_0/inst/BBJ_u96_cnvW2A2_control_s_axi_U/ram_reg_0_i_11__0 could not be replicated
INFO: [Physopt 32-117] Net BLACKBOX_WRAPPER/BBJ_U96_CNVW2A2_0/inst/BBJ_u96_cnvW2A2_control_s_axi_U/weights6_m_weights_V_address0[1] could not be optimized because driver BLACKBOX_WRAPPER/BBJ_U96_CNVW2A2_0/inst/BBJ_u96_cnvW2A2_control_s_axi_U/ram_reg_0_0_i_15__0 could not be replicated
INFO: [Physopt 32-68] No nets found for critical-cell optimization.
INFO: [Physopt 32-232] Optimized 0 net. Created 0 new instance.
INFO: [Physopt 32-775] End 1 Pass. Optimized 0 net or cell. Created 0 new cell, deleted 0 existing cell and moved 0 existing cell
Netlist sorting complete. Time (s): cpu = 00:00:00 ; elapsed = 00:00:00.244 . Memory (MB): peak = 3748.188 ; gain = 0.000

Summary of Physical Synthesis Optimizations
============================================


-----------------------------------------------------------------------------------------------------------------------------
|  Optimization       |  Added Cells  |  Removed Cells  |  Optimized Cells/Nets  |  Dont Touch  |  Iterations  |  Elapsed   |
-----------------------------------------------------------------------------------------------------------------------------
|  Very High Fanout   |           38  |              0  |                     2  |           0  |           1  |  00:00:05  |
|  Fanout             |            0  |              0  |                     0  |           0  |           1  |  00:00:00  |
|  Critical Cell      |            0  |              0  |                     0  |           0  |           1  |  00:00:00  |
|  Total              |           38  |              0  |                     2  |           0  |           3  |  00:00:05  |
-----------------------------------------------------------------------------------------------------------------------------


Phase 2.2 Physical Synthesis In Placer | Checksum: 1b224311c

Time (s): cpu = 00:04:28 ; elapsed = 00:05:01 . Memory (MB): peak = 3748.188 ; gain = 950.223
Phase 2 Global Placement | Checksum: 286929f17

Time (s): cpu = 00:04:34 ; elapsed = 00:05:09 . Memory (MB): peak = 3748.188 ; gain = 950.223

Phase 3 Detail Placement

Phase 3.1 Commit Multi Column Macros
Phase 3.1 Commit Multi Column Macros | Checksum: 286929f17

Time (s): cpu = 00:04:35 ; elapsed = 00:05:09 . Memory (MB): peak = 3748.188 ; gain = 950.223

Phase 3.2 Commit Most Macros & LUTRAMs
Phase 3.2 Commit Most Macros & LUTRAMs | Checksum: 1be78be6d

Time (s): cpu = 00:04:55 ; elapsed = 00:05:31 . Memory (MB): peak = 3748.188 ; gain = 950.223

Phase 3.3 Area Swap Optimization
Phase 3.3 Area Swap Optimization | Checksum: 1c8d95de3

Time (s): cpu = 00:04:56 ; elapsed = 00:05:33 . Memory (MB): peak = 3748.188 ; gain = 950.223

Phase 3.4 Pipeline Register Optimization
Phase 3.4 Pipeline Register Optimization | Checksum: f8379920

Time (s): cpu = 00:04:56 ; elapsed = 00:05:33 . Memory (MB): peak = 3748.188 ; gain = 950.223

Phase 3.5 IO Cut Optimizer
Phase 3.5 IO Cut Optimizer | Checksum: 10e2b9e7b

Time (s): cpu = 00:04:58 ; elapsed = 00:05:35 . Memory (MB): peak = 3748.188 ; gain = 950.223

Phase 3.6 Timing Path Optimizer
Phase 3.6 Timing Path Optimizer | Checksum: 10e2b9e7b

Time (s): cpu = 00:04:58 ; elapsed = 00:05:36 . Memory (MB): peak = 3748.188 ; gain = 950.223

Phase 3.7 Fast Optimization
Phase 3.7 Fast Optimization | Checksum: 1567ecb6e

Time (s): cpu = 00:05:03 ; elapsed = 00:05:41 . Memory (MB): peak = 3748.188 ; gain = 950.223

Phase 3.8 Small Shape Clustering
Phase 3.8 Small Shape Clustering | Checksum: 248bf6882

Time (s): cpu = 00:05:16 ; elapsed = 00:05:57 . Memory (MB): peak = 3748.188 ; gain = 950.223

Phase 3.9 DP Optimization
Phase 3.9 DP Optimization | Checksum: 25a597160

Time (s): cpu = 00:06:00 ; elapsed = 00:06:37 . Memory (MB): peak = 3748.188 ; gain = 950.223

Phase 3.10 Flow Legalize Slice Clusters
Phase 3.10 Flow Legalize Slice Clusters | Checksum: 1bca08b3c

Time (s): cpu = 00:06:02 ; elapsed = 00:06:39 . Memory (MB): peak = 3748.188 ; gain = 950.223

Phase 3.11 Slice Area Swap
Phase 3.11 Slice Area Swap | Checksum: 220972843

Time (s): cpu = 00:06:11 ; elapsed = 00:06:50 . Memory (MB): peak = 3748.188 ; gain = 950.223

Phase 3.12 Commit Slice Clusters
Phase 3.12 Commit Slice Clusters | Checksum: 21ee27b0e

Time (s): cpu = 00:06:56 ; elapsed = 00:07:28 . Memory (MB): peak = 3748.188 ; gain = 950.223

Phase 3.13 Place Remaining
Phase 3.13 Place Remaining | Checksum: 23a0a311b

Time (s): cpu = 00:06:58 ; elapsed = 00:07:29 . Memory (MB): peak = 3748.188 ; gain = 950.223

Phase 3.14 Re-assign LUT pins
Phase 3.14 Re-assign LUT pins | Checksum: 1cdde4f25

Time (s): cpu = 00:07:07 ; elapsed = 00:07:46 . Memory (MB): peak = 3748.188 ; gain = 950.223

Phase 3.15 Pipeline Register Optimization
Phase 3.15 Pipeline Register Optimization | Checksum: 28112cdbd

Time (s): cpu = 00:07:08 ; elapsed = 00:07:47 . Memory (MB): peak = 3748.188 ; gain = 950.223

Phase 3.16 Fast Optimization
Phase 3.16 Fast Optimization | Checksum: 1819b036f

Time (s): cpu = 00:07:43 ; elapsed = 00:08:18 . Memory (MB): peak = 3748.188 ; gain = 950.223
Phase 3 Detail Placement | Checksum: 1819b036f

Time (s): cpu = 00:07:43 ; elapsed = 00:08:19 . Memory (MB): peak = 3748.188 ; gain = 950.223

Phase 4 Post Placement Optimization and Clean-Up

Phase 4.1 Post Commit Optimization
INFO: [Timing 38-35] Done setting XDC timing constraints.

Phase 4.1.1 Post Placement Optimization
Post Placement Optimization Initialization | Checksum: 1a14b0a7e

Phase 4.1.1.1 BUFG Insertion
INFO: [Place 46-31] BUFG insertion identified 0 candidate nets, 0 success, 0 skipped for placement/routing, 0 skipped for timing, 0 skipped for netlist change reason.
Phase 4.1.1.1 BUFG Insertion | Checksum: 1a14b0a7e

Time (s): cpu = 00:08:45 ; elapsed = 00:09:15 . Memory (MB): peak = 3748.188 ; gain = 950.223
INFO: [Place 30-746] Post Placement Timing Summary WNS=0.152. For the most accurate timing information please run report_timing.
Phase 4.1.1 Post Placement Optimization | Checksum: 1618df6cf

Time (s): cpu = 00:12:02 ; elapsed = 00:14:27 . Memory (MB): peak = 3748.188 ; gain = 950.223
Phase 4.1 Post Commit Optimization | Checksum: 1618df6cf

Time (s): cpu = 00:12:02 ; elapsed = 00:14:29 . Memory (MB): peak = 3748.188 ; gain = 950.223

Phase 4.2 Post Placement Cleanup
Phase 4.2 Post Placement Cleanup | Checksum: 1618df6cf

Time (s): cpu = 00:12:04 ; elapsed = 00:14:30 . Memory (MB): peak = 3748.188 ; gain = 950.223

Phase 4.3 Placer Reporting
Phase 4.3 Placer Reporting | Checksum: 228d3940e

Time (s): cpu = 00:12:09 ; elapsed = 00:14:40 . Memory (MB): peak = 3748.188 ; gain = 950.223

Phase 4.4 Final Placement Cleanup
Phase 4.4 Final Placement Cleanup | Checksum: 1b6cacf84

Time (s): cpu = 00:12:09 ; elapsed = 00:14:41 . Memory (MB): peak = 3748.188 ; gain = 950.223
Phase 4 Post Placement Optimization and Clean-Up | Checksum: 1b6cacf84

Time (s): cpu = 00:12:10 ; elapsed = 00:14:42 . Memory (MB): peak = 3748.188 ; gain = 950.223
Ending Placer Task | Checksum: 1169cd755

Time (s): cpu = 00:12:10 ; elapsed = 00:14:42 . Memory (MB): peak = 3748.188 ; gain = 950.223
INFO: [Common 17-83] Releasing license: Implementation
105 Infos, 0 Warnings, 0 Critical Warnings and 0 Errors encountered.
place_design completed successfully
place_design: Time (s): cpu = 00:12:25 ; elapsed = 00:14:58 . Memory (MB): peak = 3748.188 ; gain = 1118.398
INFO: [Timing 38-480] Writing timing data to binary archive.
Writing placer database...
Writing XDEF routing.
Writing XDEF routing logical nets.
Writing XDEF routing special nets.
Write XDEF Complete: Time (s): cpu = 00:00:19 ; elapsed = 00:00:13 . Memory (MB): peak = 3748.188 ; gain = 0.000
INFO: [Common 17-1381] The checkpoint 'D:/Adam/Documents/Vivado_Projects/FINN-PreRecon/cnvW2A2-ultra96/cnvW2A2-ultra96.runs/impl_1/super_wrapper_placed.dcp' has been generated.
write_checkpoint: Time (s): cpu = 00:00:28 ; elapsed = 00:00:28 . Memory (MB): peak = 3748.188 ; gain = 0.000
INFO: [runtcl-4] Executing : report_io -file super_wrapper_io_placed.rpt
report_io: Time (s): cpu = 00:00:00 ; elapsed = 00:00:00.124 . Memory (MB): peak = 3748.188 ; gain = 0.000
INFO: [runtcl-4] Executing : report_utilization -file super_wrapper_utilization_placed.rpt -pb super_wrapper_utilization_placed.pb
report_utilization: Time (s): cpu = 00:00:15 ; elapsed = 00:00:22 . Memory (MB): peak = 3748.188 ; gain = 0.000
report_utilization: Time (s): cpu = 00:00:15 ; elapsed = 00:00:22 . Memory (MB): peak = 3748.188 ; gain = 0.000
INFO: [runtcl-4] Executing : report_control_sets -verbose -file super_wrapper_control_sets_placed.rpt
report_control_sets: Time (s): cpu = 00:00:01 ; elapsed = 00:00:01 . Memory (MB): peak = 3748.188 ; gain = 0.000
Command: phys_opt_design -directive AggressiveExplore
Attempting to get a license for feature 'Implementation' and/or device 'xczu3eg'
INFO: [Common 17-349] Got license for feature 'Implementation' and/or device 'xczu3eg'
INFO: [Vivado_Tcl 4-137] Directive used for phys_opt_design is: AggressiveExplore
Netlist sorting complete. Time (s): cpu = 00:00:00 ; elapsed = 00:00:00.240 . Memory (MB): peak = 3748.188 ; gain = 0.000

Starting Physical Synthesis Task

Phase 1 Physical Synthesis Initialization
INFO: [Physopt 32-721] Multithreading enabled for phys_opt_design using a maximum of 2 CPUs
INFO: [Physopt 32-619] Estimated Timing Summary | WNS=0.152 | TNS=0.000 |
Phase 1 Physical Synthesis Initialization | Checksum: 188cdacca

Time (s): cpu = 00:00:59 ; elapsed = 00:00:45 . Memory (MB): peak = 3748.188 ; gain = 0.000
INFO: [Physopt 32-619] Estimated Timing Summary | WNS=0.152 | TNS=0.000 |

Phase 2 Fanout Optimization
INFO: [Physopt 32-670] No setup violation found.  Fanout Optimization was not performed.
Phase 2 Fanout Optimization | Checksum: 188cdacca

Time (s): cpu = 00:00:59 ; elapsed = 00:00:45 . Memory (MB): peak = 3748.188 ; gain = 0.000

Phase 3 Placement Based Optimization
INFO: [Physopt 32-670] No setup violation found.  Placement Based Optimization was not performed.
Phase 3 Placement Based Optimization | Checksum: 188cdacca

Time (s): cpu = 00:00:59 ; elapsed = 00:00:45 . Memory (MB): peak = 3748.188 ; gain = 0.000

Phase 4 MultiInst Placement Optimization
INFO: [Physopt 32-670] No setup violation found.  MultiInst Placement Optimization was not performed.
Phase 4 MultiInst Placement Optimization | Checksum: 188cdacca

Time (s): cpu = 00:00:59 ; elapsed = 00:00:45 . Memory (MB): peak = 3748.188 ; gain = 0.000

Phase 5 Rewire
INFO: [Physopt 32-670] No setup violation found.  Rewire was not performed.
Phase 5 Rewire | Checksum: 188cdacca

Time (s): cpu = 00:00:59 ; elapsed = 00:00:45 . Memory (MB): peak = 3748.188 ; gain = 0.000

Phase 6 Critical Cell Optimization
INFO: [Physopt 32-670] No setup violation found.  Critical Cell Optimization was not performed.
Phase 6 Critical Cell Optimization | Checksum: 188cdacca

Time (s): cpu = 00:00:59 ; elapsed = 00:00:45 . Memory (MB): peak = 3748.188 ; gain = 0.000

Phase 7 Fanout Optimization
INFO: [Physopt 32-670] No setup violation found.  Fanout Optimization was not performed.
Phase 7 Fanout Optimization | Checksum: 188cdacca

Time (s): cpu = 00:00:59 ; elapsed = 00:00:45 . Memory (MB): peak = 3748.188 ; gain = 0.000

Phase 8 Placement Based Optimization
INFO: [Physopt 32-670] No setup violation found.  Placement Based Optimization was not performed.
Phase 8 Placement Based Optimization | Checksum: 188cdacca

Time (s): cpu = 00:00:59 ; elapsed = 00:00:45 . Memory (MB): peak = 3748.188 ; gain = 0.000

Phase 9 MultiInst Placement Optimization
INFO: [Physopt 32-670] No setup violation found.  MultiInst Placement Optimization was not performed.
Phase 9 MultiInst Placement Optimization | Checksum: 188cdacca

Time (s): cpu = 00:00:59 ; elapsed = 00:00:45 . Memory (MB): peak = 3748.188 ; gain = 0.000

Phase 10 Rewire
INFO: [Physopt 32-670] No setup violation found.  Rewire was not performed.
Phase 10 Rewire | Checksum: 188cdacca

Time (s): cpu = 00:00:59 ; elapsed = 00:00:45 . Memory (MB): peak = 3748.188 ; gain = 0.000

Phase 11 Critical Cell Optimization
INFO: [Physopt 32-670] No setup violation found.  Critical Cell Optimization was not performed.
Phase 11 Critical Cell Optimization | Checksum: 188cdacca

Time (s): cpu = 00:00:59 ; elapsed = 00:00:45 . Memory (MB): peak = 3748.188 ; gain = 0.000

Phase 12 Slr Crossing Optimization
INFO: [Physopt 32-670] No setup violation found.  Slr Crossing Optimization was not performed.
Phase 12 Slr Crossing Optimization | Checksum: 188cdacca

Time (s): cpu = 00:00:59 ; elapsed = 00:00:45 . Memory (MB): peak = 3748.188 ; gain = 0.000

Phase 13 Fanout Optimization
INFO: [Physopt 32-670] No setup violation found.  Fanout Optimization was not performed.
Phase 13 Fanout Optimization | Checksum: 188cdacca

Time (s): cpu = 00:00:59 ; elapsed = 00:00:45 . Memory (MB): peak = 3748.188 ; gain = 0.000

Phase 14 Placement Based Optimization
INFO: [Physopt 32-670] No setup violation found.  Placement Based Optimization was not performed.
Phase 14 Placement Based Optimization | Checksum: 188cdacca

Time (s): cpu = 00:00:59 ; elapsed = 00:00:45 . Memory (MB): peak = 3748.188 ; gain = 0.000

Phase 15 MultiInst Placement Optimization
INFO: [Physopt 32-670] No setup violation found.  MultiInst Placement Optimization was not performed.
Phase 15 MultiInst Placement Optimization | Checksum: 188cdacca

Time (s): cpu = 00:00:59 ; elapsed = 00:00:45 . Memory (MB): peak = 3748.188 ; gain = 0.000

Phase 16 Rewire
INFO: [Physopt 32-670] No setup violation found.  Rewire was not performed.
Phase 16 Rewire | Checksum: 188cdacca

Time (s): cpu = 00:00:59 ; elapsed = 00:00:45 . Memory (MB): peak = 3748.188 ; gain = 0.000

Phase 17 Critical Cell Optimization
INFO: [Physopt 32-670] No setup violation found.  Critical Cell Optimization was not performed.
Phase 17 Critical Cell Optimization | Checksum: 188cdacca

Time (s): cpu = 00:00:59 ; elapsed = 00:00:45 . Memory (MB): peak = 3748.188 ; gain = 0.000

Phase 18 DSP Register Optimization
INFO: [Physopt 32-670] No setup violation found.  DSP Register Optimization was not performed.
Phase 18 DSP Register Optimization | Checksum: 188cdacca

Time (s): cpu = 00:00:59 ; elapsed = 00:00:45 . Memory (MB): peak = 3748.188 ; gain = 0.000

Phase 19 BRAM Register Optimization
INFO: [Physopt 32-670] No setup violation found.  BRAM Register Optimization was not performed.
Phase 19 BRAM Register Optimization | Checksum: 188cdacca

Time (s): cpu = 00:00:59 ; elapsed = 00:00:45 . Memory (MB): peak = 3748.188 ; gain = 0.000

Phase 20 URAM Register Optimization
INFO: [Physopt 32-670] No setup violation found.  URAM Register Optimization was not performed.
Phase 20 URAM Register Optimization | Checksum: 188cdacca

Time (s): cpu = 00:00:59 ; elapsed = 00:00:45 . Memory (MB): peak = 3748.188 ; gain = 0.000

Phase 21 Shift Register Optimization
INFO: [Physopt 32-670] No setup violation found.  Shift Register Optimization was not performed.
Phase 21 Shift Register Optimization | Checksum: 188cdacca

Time (s): cpu = 00:00:59 ; elapsed = 00:00:45 . Memory (MB): peak = 3748.188 ; gain = 0.000

Phase 22 DSP Register Optimization
INFO: [Physopt 32-670] No setup violation found.  DSP Register Optimization was not performed.
Phase 22 DSP Register Optimization | Checksum: 188cdacca

Time (s): cpu = 00:00:59 ; elapsed = 00:00:45 . Memory (MB): peak = 3748.188 ; gain = 0.000

Phase 23 BRAM Register Optimization
INFO: [Physopt 32-670] No setup violation found.  BRAM Register Optimization was not performed.
Phase 23 BRAM Register Optimization | Checksum: 188cdacca

Time (s): cpu = 00:00:59 ; elapsed = 00:00:45 . Memory (MB): peak = 3748.188 ; gain = 0.000

Phase 24 URAM Register Optimization
INFO: [Physopt 32-670] No setup violation found.  URAM Register Optimization was not performed.
Phase 24 URAM Register Optimization | Checksum: 188cdacca

Time (s): cpu = 00:00:59 ; elapsed = 00:00:45 . Memory (MB): peak = 3748.188 ; gain = 0.000

Phase 25 Shift Register Optimization
INFO: [Physopt 32-670] No setup violation found.  Shift Register Optimization was not performed.
Phase 25 Shift Register Optimization | Checksum: 188cdacca

Time (s): cpu = 00:00:59 ; elapsed = 00:00:45 . Memory (MB): peak = 3748.188 ; gain = 0.000

Phase 26 Critical Pin Optimization
INFO: [Physopt 32-670] No setup violation found.  Critical Pin Optimization was not performed.
Phase 26 Critical Pin Optimization | Checksum: 188cdacca

Time (s): cpu = 00:00:59 ; elapsed = 00:00:45 . Memory (MB): peak = 3748.188 ; gain = 0.000

Phase 27 Very High Fanout Optimization
INFO: [Physopt 32-76] Pass 1. Identified 46 candidate nets for fanout optimization.
INFO: [Physopt 32-81] Processed net BLACKBOX_WRAPPER/BBJ_U96_CNVW2A2_0/inst/grp_DoCompute_fu_418/Matrix_Vector_Activa_U0/ap_block_pp0_stage0_subdone4_in. Replicated 3 times.
INFO: [Physopt 32-81] Processed net BLACKBOX_WRAPPER/BBJ_U96_CNVW2A2_0/inst/grp_DoCompute_fu_418/wa_in_m_target_V_V_4_U/mOutPtr_reg_n_13_[0]. Replicated 2 times.
INFO: [Physopt 32-81] Processed net BLACKBOX_WRAPPER/BBJ_U96_CNVW2A2_0/inst/grp_DoCompute_fu_418/wa_in_m_target_V_V_4_U/mOutPtr_reg_n_13_[1]. Replicated 2 times.
INFO: [Physopt 32-572] Net BLACKBOX_WRAPPER/BBJ_U96_CNVW2A2_0/inst/grp_DoCompute_fu_418/Matrix_Vector_Activa_U0/q0_reg[15][0] was not replicated.
Resolution: phys_opt_design can be forced to replicate a net driver using the option -force_replication_on_nets <list of net objects>.
INFO: [Physopt 32-572] Net BLACKBOX_WRAPPER/BBJ_U96_CNVW2A2_0/inst/grp_DoCompute_fu_418/Matrix_Vector_Activa_U0/E[0] was not replicated.
Resolution: phys_opt_design can be forced to replicate a net driver using the option -force_replication_on_nets <list of net objects>.
INFO: [Physopt 32-81] Processed net BLACKBOX_WRAPPER/BBJ_U96_CNVW2A2_0/inst/grp_DoCompute_fu_418/StreamingDataWidthCo_20_U0/E[0]. Replicated 1 times.
INFO: [Physopt 32-81] Processed net BLACKBOX_WRAPPER/BBJ_U96_CNVW2A2_0/inst/grp_DoCompute_fu_418/DoCompute_Loop_2_pro_U0/grp_StreamingMaxPool_Pre_1_fu_53/E[0]. Replicated 1 times.
INFO: [Physopt 32-232] Optimized 5 nets. Created 9 new instances.
INFO: [Physopt 32-775] End 1 Pass. Optimized 5 nets or cells. Created 9 new cells, deleted 0 existing cell and moved 0 existing cell
INFO: [Physopt 32-619] Estimated Timing Summary | WNS=0.152 | TNS=0.000 |
Netlist sorting complete. Time (s): cpu = 00:00:01 ; elapsed = 00:00:00.399 . Memory (MB): peak = 3748.188 ; gain = 0.000
Phase 27 Very High Fanout Optimization | Checksum: 1cf7d0eba

Time (s): cpu = 00:01:16 ; elapsed = 00:01:02 . Memory (MB): peak = 3748.188 ; gain = 0.000

Phase 28 Placement Based Optimization
INFO: [Physopt 32-670] No setup violation found.  Placement Based Optimization was not performed.
Phase 28 Placement Based Optimization | Checksum: 1cf7d0eba

Time (s): cpu = 00:01:16 ; elapsed = 00:01:02 . Memory (MB): peak = 3748.188 ; gain = 0.000

Phase 29 MultiInst Placement Optimization
INFO: [Physopt 32-670] No setup violation found.  MultiInst Placement Optimization was not performed.
Phase 29 MultiInst Placement Optimization | Checksum: 1cf7d0eba

Time (s): cpu = 00:01:16 ; elapsed = 00:01:02 . Memory (MB): peak = 3748.188 ; gain = 0.000

Phase 30 Critical Path Optimization
INFO: [Physopt 32-619] Estimated Timing Summary | WNS=0.152 | TNS=0.000 |
INFO: [Physopt 32-619] Estimated Timing Summary | WNS=0.152 | TNS=0.000 |
Phase 30 Critical Path Optimization | Checksum: 1cf7d0eba

Time (s): cpu = 00:01:17 ; elapsed = 00:01:03 . Memory (MB): peak = 3748.188 ; gain = 0.000

Phase 31 BRAM Enable Optimization
Phase 31 BRAM Enable Optimization | Checksum: 1cf7d0eba

Time (s): cpu = 00:01:18 ; elapsed = 00:01:05 . Memory (MB): peak = 3748.188 ; gain = 0.000
Netlist sorting complete. Time (s): cpu = 00:00:00 ; elapsed = 00:00:00.278 . Memory (MB): peak = 3748.188 ; gain = 0.000
INFO: [Physopt 32-669] Post Physical Optimization Timing Summary | WNS=0.152 | TNS=0.000 | WHS=0.000 | THS=0.000 |

Summary of Physical Synthesis Optimizations
============================================


--------------------------------------------------------------------------------------------------------------------------------------------------------------------
|  Optimization          |  WNS Gain (ns)  |  TNS Gain (ns)  |  Added Cells  |  Removed Cells  |  Optimized Cells/Nets  |  Dont Touch  |  Iterations  |  Elapsed   |
--------------------------------------------------------------------------------------------------------------------------------------------------------------------
|  Fanout                |          0.000  |          0.000  |            0  |              0  |                     0  |           0  |           0  |  00:00:00  |
|  Placement Based       |          0.000  |          0.000  |            0  |              0  |                     0  |           0  |           0  |  00:00:00  |
|  MultiInst Placement   |          0.000  |          0.000  |            0  |              0  |                     0  |           0  |           0  |  00:00:00  |
|  Rewire                |          0.000  |          0.000  |            0  |              0  |                     0  |           0  |           0  |  00:00:00  |
|  Critical Cell         |          0.000  |          0.000  |            0  |              0  |                     0  |           0  |           0  |  00:00:00  |
|  Slr Crossing          |          0.000  |          0.000  |            0  |              0  |                     0  |           0  |           0  |  00:00:00  |
|  DSP Register          |          0.000  |          0.000  |            0  |              0  |                     0  |           0  |           0  |  00:00:00  |
|  BRAM Register         |          0.000  |          0.000  |            0  |              0  |                     0  |           0  |           0  |  00:00:00  |
|  URAM Register         |          0.000  |          0.000  |            0  |              0  |                     0  |           0  |           0  |  00:00:00  |
|  Shift Register        |          0.000  |          0.000  |            0  |              0  |                     0  |           0  |           0  |  00:00:00  |
|  Critical Pin          |          0.000  |          0.000  |            0  |              0  |                     0  |           0  |           0  |  00:00:00  |
|  Very High Fanout      |          0.000  |          0.000  |            9  |              0  |                     5  |           0  |           1  |  00:00:16  |
|  BRAM Enable           |          0.000  |          0.000  |            0  |              0  |                     0  |           0  |           1  |  00:00:02  |
|  Critical Path         |          0.000  |          0.000  |            0  |              0  |                     0  |           0  |           1  |  00:00:01  |
|  Total                 |          0.000  |          0.000  |            9  |              0  |                     5  |           0  |           3  |  00:00:19  |
--------------------------------------------------------------------------------------------------------------------------------------------------------------------


Ending Physical Synthesis Task | Checksum: 1cf7d0eba

Time (s): cpu = 00:01:28 ; elapsed = 00:01:20 . Memory (MB): peak = 3748.188 ; gain = 0.000
INFO: [Common 17-83] Releasing license: Implementation
157 Infos, 0 Warnings, 0 Critical Warnings and 0 Errors encountered.
phys_opt_design completed successfully
phys_opt_design: Time (s): cpu = 00:02:22 ; elapsed = 00:02:04 . Memory (MB): peak = 3748.188 ; gain = 0.000
INFO: [Timing 38-480] Writing timing data to binary archive.
Writing placer database...
Writing XDEF routing.
Writing XDEF routing logical nets.
Writing XDEF routing special nets.
Write XDEF Complete: Time (s): cpu = 00:00:18 ; elapsed = 00:00:11 . Memory (MB): peak = 3748.188 ; gain = 0.000
INFO: [Common 17-1381] The checkpoint 'D:/Adam/Documents/Vivado_Projects/FINN-PreRecon/cnvW2A2-ultra96/cnvW2A2-ultra96.runs/impl_1/super_wrapper_physopt.dcp' has been generated.
write_checkpoint: Time (s): cpu = 00:00:26 ; elapsed = 00:00:26 . Memory (MB): peak = 3748.188 ; gain = 0.000
Command: route_design -directive AlternateCLBRouting
Attempting to get a license for feature 'Implementation' and/or device 'xczu3eg'
INFO: [Common 17-349] Got license for feature 'Implementation' and/or device 'xczu3eg'
INFO: [DRC 23-27] Running DRC with 2 threads
INFO: [Vivado_Tcl 4-198] DRC finished with 0 Errors
INFO: [Vivado_Tcl 4-199] Please refer to the DRC report (report_drc) for more information.
Running DRC as a precondition to command route_design
INFO: [DRC 23-27] Running DRC with 2 threads
INFO: [Vivado_Tcl 4-198] DRC finished with 0 Errors
INFO: [Vivado_Tcl 4-199] Please refer to the DRC report (report_drc) for more information.


Starting Routing Task
INFO: [Route 35-270] Using Router directive 'AlternateCLBRouting'.
INFO: [Route 35-254] Multithreading enabled for route_design using a maximum of 2 CPUs
Checksum: PlaceDB: 4a2f83a6 ConstDB: 0 ShapeSum: ccf78f17 RouteDB: c7459d3f

Phase 1 Build RT Design
Phase 1 Build RT Design | Checksum: 175d6edba

Time (s): cpu = 00:01:01 ; elapsed = 00:00:53 . Memory (MB): peak = 4175.996 ; gain = 0.000
Post Restoration Checksum: NetGraph: ce6df894 NumContArr: 3c391661 Constraints: 90753e71 Timing: 0

Phase 2 Router Initialization

Phase 2.1 Create Timer
Phase 2.1 Create Timer | Checksum: 19b1c4d66

Time (s): cpu = 00:01:06 ; elapsed = 00:00:59 . Memory (MB): peak = 4175.996 ; gain = 0.000

Phase 2.2 Fix Topology Constraints
Phase 2.2 Fix Topology Constraints | Checksum: 19b1c4d66

Time (s): cpu = 00:01:06 ; elapsed = 00:00:59 . Memory (MB): peak = 4175.996 ; gain = 0.000

Phase 2.3 Pre Route Cleanup
Phase 2.3 Pre Route Cleanup | Checksum: 19b1c4d66

Time (s): cpu = 00:01:06 ; elapsed = 00:01:00 . Memory (MB): peak = 4175.996 ; gain = 0.000

Phase 2.4 Global Clock Net Routing
 Number of Nodes with overlaps = 0
Phase 2.4 Global Clock Net Routing | Checksum: 51d304b8

Time (s): cpu = 00:01:09 ; elapsed = 00:01:03 . Memory (MB): peak = 4175.996 ; gain = 0.000

Phase 2.5 Update Timing
Phase 2.5 Update Timing | Checksum: b35dff65

Time (s): cpu = 00:02:10 ; elapsed = 00:01:52 . Memory (MB): peak = 4175.996 ; gain = 0.000
INFO: [Route 35-416] Intermediate Timing Summary | WNS=0.199  | TNS=0.000  | WHS=-0.063 | THS=-26.144|

Phase 2 Router Initialization | Checksum: dafd588e

Time (s): cpu = 00:02:46 ; elapsed = 00:02:24 . Memory (MB): peak = 4175.996 ; gain = 0.000

Phase 3 Initial Routing
Phase 3 Initial Routing | Checksum: 1b864b8ea

Time (s): cpu = 00:03:29 ; elapsed = 00:03:01 . Memory (MB): peak = 4175.996 ; gain = 0.000

Phase 4 Rip-up And Reroute

Phase 4.1 Global Iteration 0
 Number of Nodes with overlaps = 18877
 Number of Nodes with overlaps = 2312
 Number of Nodes with overlaps = 465
 Number of Nodes with overlaps = 145
 Number of Nodes with overlaps = 72
 Number of Nodes with overlaps = 28
 Number of Nodes with overlaps = 16
 Number of Nodes with overlaps = 12
INFO: [Route 35-443] CLB routing congestion detected. Several CLBs have high routing utilization, which can impact timing closure. Top ten most congested CLBs are: CLEL_L_X5Y143 CLEL_R_X5Y143 CLEM_X6Y158 CLEL_R_X6Y158 CLEL_R_X8Y19 CLEM_X11Y112 CLEL_R_X11Y112 CLEM_X22Y138 CLEL_R_X22Y138 CLEM_R_X29Y122 
 Number of Nodes with overlaps = 10
 Number of Nodes with overlaps = 5
 Number of Nodes with overlaps = 1
 Number of Nodes with overlaps = 1
 Number of Nodes with overlaps = 1
 Number of Nodes with overlaps = 0
INFO: [Route 35-416] Intermediate Timing Summary | WNS=-0.052 | TNS=-0.300 | WHS=-0.039 | THS=-0.500 |

Phase 4.1 Global Iteration 0 | Checksum: 20597e068

Time (s): cpu = 00:10:20 ; elapsed = 00:09:55 . Memory (MB): peak = 4175.996 ; gain = 0.000

Phase 4.2 Global Iteration 1
 Number of Nodes with overlaps = 173
 Number of Nodes with overlaps = 29
 Number of Nodes with overlaps = 12
 Number of Nodes with overlaps = 5
 Number of Nodes with overlaps = 1
 Number of Nodes with overlaps = 1
 Number of Nodes with overlaps = 0
INFO: [Route 35-416] Intermediate Timing Summary | WNS=-0.019 | TNS=-0.138 | WHS=N/A    | THS=N/A    |

Phase 4.2 Global Iteration 1 | Checksum: 1fccb3ffe

Time (s): cpu = 00:11:04 ; elapsed = 00:10:49 . Memory (MB): peak = 4175.996 ; gain = 0.000

Phase 4.3 Global Iteration 2
 Number of Nodes with overlaps = 173
 Number of Nodes with overlaps = 16
 Number of Nodes with overlaps = 5
 Number of Nodes with overlaps = 3
 Number of Nodes with overlaps = 1
 Number of Nodes with overlaps = 1
 Number of Nodes with overlaps = 0
INFO: [Route 35-416] Intermediate Timing Summary | WNS=0.032  | TNS=0.000  | WHS=N/A    | THS=N/A    |

Phase 4.3 Global Iteration 2 | Checksum: 12bb2f5b0

Time (s): cpu = 00:11:35 ; elapsed = 00:11:30 . Memory (MB): peak = 4175.996 ; gain = 0.000
Phase 4 Rip-up And Reroute | Checksum: 12bb2f5b0

Time (s): cpu = 00:11:35 ; elapsed = 00:11:30 . Memory (MB): peak = 4175.996 ; gain = 0.000

Phase 5 Delay and Skew Optimization

Phase 5.1 Delay CleanUp

Phase 5.1.1 Update Timing
Phase 5.1.1 Update Timing | Checksum: 149d346ea

Time (s): cpu = 00:12:01 ; elapsed = 00:11:55 . Memory (MB): peak = 4175.996 ; gain = 0.000
INFO: [Route 35-416] Intermediate Timing Summary | WNS=0.032  | TNS=0.000  | WHS=0.010  | THS=0.000  |

Phase 5.1 Delay CleanUp | Checksum: 149d346ea

Time (s): cpu = 00:12:01 ; elapsed = 00:11:56 . Memory (MB): peak = 4175.996 ; gain = 0.000

Phase 5.2 Clock Skew Optimization
Phase 5.2 Clock Skew Optimization | Checksum: 149d346ea

Time (s): cpu = 00:12:02 ; elapsed = 00:11:56 . Memory (MB): peak = 4175.996 ; gain = 0.000
Phase 5 Delay and Skew Optimization | Checksum: 149d346ea

Time (s): cpu = 00:12:02 ; elapsed = 00:11:57 . Memory (MB): peak = 4175.996 ; gain = 0.000

Phase 6 Post Hold Fix

Phase 6.1 Hold Fix Iter

Phase 6.1.1 Update Timing
Phase 6.1.1 Update Timing | Checksum: 1fd3ef48f

Time (s): cpu = 00:12:22 ; elapsed = 00:12:16 . Memory (MB): peak = 4175.996 ; gain = 0.000
INFO: [Route 35-416] Intermediate Timing Summary | WNS=0.032  | TNS=0.000  | WHS=0.010  | THS=0.000  |

Phase 6.1 Hold Fix Iter | Checksum: 1a13be725

Time (s): cpu = 00:12:22 ; elapsed = 00:12:16 . Memory (MB): peak = 4175.996 ; gain = 0.000
Phase 6 Post Hold Fix | Checksum: 1a13be725

Time (s): cpu = 00:12:23 ; elapsed = 00:12:17 . Memory (MB): peak = 4175.996 ; gain = 0.000

Phase 7 Route finalize

Router Utilization Summary
  Global Vertical Routing Utilization    = 14.5763 %
  Global Horizontal Routing Utilization  = 16.795 %
  Routable Net Status*
  *Does not include unroutable nets such as driverless and loadless.
  Run report_route_status for detailed report.
  Number of Failed Nets               = 0
  Number of Unrouted Nets             = 0
  Number of Partially Routed Nets     = 0
  Number of Node Overlaps             = 0

Phase 7 Route finalize | Checksum: 180f7b1bf

Time (s): cpu = 00:12:24 ; elapsed = 00:12:18 . Memory (MB): peak = 4175.996 ; gain = 0.000

Phase 8 Verifying routed nets

 Verification completed successfully
Phase 8 Verifying routed nets | Checksum: 180f7b1bf

Time (s): cpu = 00:12:24 ; elapsed = 00:12:19 . Memory (MB): peak = 4175.996 ; gain = 0.000

Phase 9 Depositing Routes
Phase 9 Depositing Routes | Checksum: 180f7b1bf

Time (s): cpu = 00:12:37 ; elapsed = 00:12:41 . Memory (MB): peak = 4175.996 ; gain = 0.000

Phase 10 Route finalize
Phase 10 Route finalize | Checksum: 180f7b1bf

Time (s): cpu = 00:12:38 ; elapsed = 00:12:42 . Memory (MB): peak = 4175.996 ; gain = 0.000

Phase 11 Post Router Timing
INFO: [Route 35-20] Post Routing Timing Summary | WNS=0.032  | TNS=0.000  | WHS=0.010  | THS=0.000  |

INFO: [Route 35-61] The design met the timing requirement.
Phase 11 Post Router Timing | Checksum: 17c03b573

Time (s): cpu = 00:13:34 ; elapsed = 00:13:31 . Memory (MB): peak = 4175.996 ; gain = 0.000
INFO: [Route 35-16] Router Completed Successfully

Time (s): cpu = 00:13:34 ; elapsed = 00:13:31 . Memory (MB): peak = 4175.996 ; gain = 0.000

Routing Is Done.
INFO: [Common 17-83] Releasing license: Implementation
179 Infos, 0 Warnings, 0 Critical Warnings and 0 Errors encountered.
route_design completed successfully
route_design: Time (s): cpu = 00:14:00 ; elapsed = 00:13:56 . Memory (MB): peak = 4175.996 ; gain = 427.809
INFO: [Timing 38-480] Writing timing data to binary archive.
Writing placer database...
Writing XDEF routing.
Writing XDEF routing logical nets.
Writing XDEF routing special nets.
Write XDEF Complete: Time (s): cpu = 00:00:22 ; elapsed = 00:00:16 . Memory (MB): peak = 4175.996 ; gain = 0.000
INFO: [Common 17-1381] The checkpoint 'D:/Adam/Documents/Vivado_Projects/FINN-PreRecon/cnvW2A2-ultra96/cnvW2A2-ultra96.runs/impl_1/super_wrapper_routed.dcp' has been generated.
write_checkpoint: Time (s): cpu = 00:00:30 ; elapsed = 00:00:28 . Memory (MB): peak = 4175.996 ; gain = 0.000
INFO: [runtcl-4] Executing : report_drc -file super_wrapper_drc_routed.rpt -pb super_wrapper_drc_routed.pb -rpx super_wrapper_drc_routed.rpx
Command: report_drc -file super_wrapper_drc_routed.rpt -pb super_wrapper_drc_routed.pb -rpx super_wrapper_drc_routed.rpx
INFO: [DRC 23-27] Running DRC with 2 threads
INFO: [Coretcl 2-168] The results of DRC are in file D:/Adam/Documents/Vivado_Projects/FINN-PreRecon/cnvW2A2-ultra96/cnvW2A2-ultra96.runs/impl_1/super_wrapper_drc_routed.rpt.
report_drc completed successfully
report_drc: Time (s): cpu = 00:00:37 ; elapsed = 00:00:34 . Memory (MB): peak = 4249.066 ; gain = 73.070
INFO: [runtcl-4] Executing : report_methodology -file super_wrapper_methodology_drc_routed.rpt -pb super_wrapper_methodology_drc_routed.pb -rpx super_wrapper_methodology_drc_routed.rpx
Command: report_methodology -file super_wrapper_methodology_drc_routed.rpt -pb super_wrapper_methodology_drc_routed.pb -rpx super_wrapper_methodology_drc_routed.rpx
INFO: [Timing 38-35] Done setting XDC timing constraints.
INFO: [Timing 38-35] Done setting XDC timing constraints.
INFO: [DRC 23-133] Running Methodology with 2 threads
INFO: [Coretcl 2-1520] The results of Report Methodology are in file D:/Adam/Documents/Vivado_Projects/FINN-PreRecon/cnvW2A2-ultra96/cnvW2A2-ultra96.runs/impl_1/super_wrapper_methodology_drc_routed.rpt.
report_methodology completed successfully
report_methodology: Time (s): cpu = 00:00:53 ; elapsed = 00:00:48 . Memory (MB): peak = 4282.945 ; gain = 33.879
INFO: [runtcl-4] Executing : report_power -file super_wrapper_power_routed.rpt -pb super_wrapper_power_summary_routed.pb -rpx super_wrapper_power_routed.rpx
Command: report_power -file super_wrapper_power_routed.rpt -pb super_wrapper_power_summary_routed.pb -rpx super_wrapper_power_routed.rpx
INFO: [Timing 38-35] Done setting XDC timing constraints.
Running Vector-less Activity Propagation...

Finished Running Vector-less Activity Propagation
WARNING: [Power 33-332] Found switching activity that implies high-fanout reset nets being asserted for excessive periods of time which may result in inaccurate power analysis.
Resolution: To review and fix problems, please run Power Constraints Advisor in the GUI from Tools > Power Constraints Advisor or run report_power with the -advisory option to generate a text report.
191 Infos, 1 Warnings, 0 Critical Warnings and 0 Errors encountered.
report_power completed successfully
report_power: Time (s): cpu = 00:00:58 ; elapsed = 00:00:53 . Memory (MB): peak = 4372.891 ; gain = 89.945
INFO: [runtcl-4] Executing : report_route_status -file super_wrapper_route_status.rpt -pb super_wrapper_route_status.pb
INFO: [runtcl-4] Executing : report_timing_summary -max_paths 10 -file super_wrapper_timing_summary_routed.rpt -pb super_wrapper_timing_summary_routed.pb -rpx super_wrapper_timing_summary_routed.rpx
INFO: [Timing 38-91] UpdateTimingParams: Speed grade: -1, Temperature grade: I, Delay Type: min_max, Timing Stage: Requireds.
INFO: [Timing 38-191] Multithreading enabled for timing update using a maximum of 2 CPUs
report_timing_summary: Time (s): cpu = 00:00:10 ; elapsed = 00:00:11 . Memory (MB): peak = 4416.156 ; gain = 42.273
INFO: [runtcl-4] Executing : report_incremental_reuse -file super_wrapper_incremental_reuse_routed.rpt
INFO: [Vivado_Tcl 4-545] No incremental reuse to report, no incremental placement and routing data was found.
INFO: [runtcl-4] Executing : report_clock_utilization -file super_wrapper_clock_utilization_routed.rpt
report_clock_utilization: Time (s): cpu = 00:00:18 ; elapsed = 00:00:25 . Memory (MB): peak = 4416.156 ; gain = 0.000
INFO: [runtcl-4] Executing : report_bus_skew -warn_on_violation -file super_wrapper_bus_skew_routed.rpt -pb super_wrapper_bus_skew_routed.pb -rpx super_wrapper_bus_skew_routed.rpx
INFO: [Timing 38-91] UpdateTimingParams: Speed grade: -1, Temperature grade: I, Delay Type: min_max, Timing Stage: Requireds.
INFO: [Timing 38-191] Multithreading enabled for timing update using a maximum of 2 CPUs
Command: phys_opt_design -directive AggressiveExplore
Attempting to get a license for feature 'Implementation' and/or device 'xczu3eg'
INFO: [Common 17-349] Got license for feature 'Implementation' and/or device 'xczu3eg'
INFO: [Vivado_Tcl 4-241] Physical synthesis in post route mode ( 100.0% nets are fully routed)
INFO: [Vivado_Tcl 4-137] Directive used for phys_opt_design is: AggressiveExplore
INFO: [Vivado_Tcl 4-383] Design worst setup slack (WNS) is greater than or equal to 0.000 ns. Skipping all physical synthesis optimizations.
INFO: [Vivado_Tcl 4-232] No setup violation found. The netlist was not modified.
INFO: [Common 17-83] Releasing license: Implementation
207 Infos, 1 Warnings, 0 Critical Warnings and 0 Errors encountered.
phys_opt_design completed successfully
phys_opt_design: Time (s): cpu = 00:00:04 ; elapsed = 00:00:06 . Memory (MB): peak = 4416.156 ; gain = 0.000
INFO: [Timing 38-480] Writing timing data to binary archive.
Writing placer database...
Writing XDEF routing.
Writing XDEF routing logical nets.
Writing XDEF routing special nets.
Write XDEF Complete: Time (s): cpu = 00:00:22 ; elapsed = 00:00:16 . Memory (MB): peak = 4436.391 ; gain = 20.234
INFO: [Common 17-1381] The checkpoint 'D:/Adam/Documents/Vivado_Projects/FINN-PreRecon/cnvW2A2-ultra96/cnvW2A2-ultra96.runs/impl_1/super_wrapper_postroute_physopt.dcp' has been generated.
write_checkpoint: Time (s): cpu = 00:00:30 ; elapsed = 00:00:29 . Memory (MB): peak = 4436.391 ; gain = 20.234
INFO: [runtcl-4] Executing : report_timing_summary -max_paths 10 -warn_on_violation -file super_wrapper_timing_summary_postroute_physopted.rpt -pb super_wrapper_timing_summary_postroute_physopted.pb -rpx super_wrapper_timing_summary_postroute_physopted.rpx
INFO: [Timing 38-91] UpdateTimingParams: Speed grade: -1, Temperature grade: I, Delay Type: min_max, Timing Stage: Requireds.
INFO: [Timing 38-191] Multithreading enabled for timing update using a maximum of 2 CPUs
report_timing_summary: Time (s): cpu = 00:00:06 ; elapsed = 00:00:06 . Memory (MB): peak = 4436.391 ; gain = 0.000
INFO: [runtcl-4] Executing : report_bus_skew -warn_on_violation -file super_wrapper_bus_skew_postroute_physopted.rpt -pb super_wrapper_bus_skew_postroute_physopted.pb -rpx super_wrapper_bus_skew_postroute_physopted.rpx
INFO: [Timing 38-91] UpdateTimingParams: Speed grade: -1, Temperature grade: I, Delay Type: min_max, Timing Stage: Requireds.
INFO: [Timing 38-191] Multithreading enabled for timing update using a maximum of 2 CPUs
INFO: [Memdata 28-167] Found XPM memory block PROCSYS_WRAPPER/procsys_i/axi_smc/inst/s00_nodes/s00_w_node/inst/inst_mi_handler/gen_normal_area.inst_fifo_node_payld/gen_xpm_memory_fifo.inst_fifo/gen_mem_rep[0].inst_xpm_memory/xpm_memory_base_inst with a P_MEMORY_PRIMITIVE property set to distributed. A value of block is required. You will not be able to use the updatemem program to update the bitstream with new data for the PROCSYS_WRAPPER/procsys_i/axi_smc/inst/s00_nodes/s00_w_node/inst/inst_mi_handler/gen_normal_area.inst_fifo_node_payld/gen_xpm_memory_fifo.inst_fifo/gen_mem_rep[0].inst_xpm_memory/xpm_memory_base_inst block.
INFO: [Memdata 28-167] Found XPM memory block PROCSYS_WRAPPER/procsys_i/axi_smc/inst/s00_nodes/s00_r_node/inst/inst_mi_handler/gen_normal_area.inst_fifo_node_payld/gen_xpm_memory_fifo.inst_fifo/gen_mem_rep[0].inst_xpm_memory/xpm_memory_base_inst with a P_MEMORY_PRIMITIVE property set to distributed. A value of block is required. You will not be able to use the updatemem program to update the bitstream with new data for the PROCSYS_WRAPPER/procsys_i/axi_smc/inst/s00_nodes/s00_r_node/inst/inst_mi_handler/gen_normal_area.inst_fifo_node_payld/gen_xpm_memory_fifo.inst_fifo/gen_mem_rep[0].inst_xpm_memory/xpm_memory_base_inst block.
INFO: [Memdata 28-167] Found XPM memory block PROCSYS_WRAPPER/procsys_i/axi_smc/inst/s00_nodes/s00_aw_node/inst/inst_mi_handler/gen_normal_area.inst_fifo_node_payld/gen_xpm_memory_fifo.inst_fifo/gen_mem_rep[0].inst_xpm_memory/xpm_memory_base_inst with a P_MEMORY_PRIMITIVE property set to distributed. A value of block is required. You will not be able to use the updatemem program to update the bitstream with new data for the PROCSYS_WRAPPER/procsys_i/axi_smc/inst/s00_nodes/s00_aw_node/inst/inst_mi_handler/gen_normal_area.inst_fifo_node_payld/gen_xpm_memory_fifo.inst_fifo/gen_mem_rep[0].inst_xpm_memory/xpm_memory_base_inst block.
INFO: [Memdata 28-167] Found XPM memory block PROCSYS_WRAPPER/procsys_i/axi_smc/inst/s00_nodes/s00_ar_node/inst/inst_mi_handler/gen_normal_area.inst_fifo_node_payld/gen_xpm_memory_fifo.inst_fifo/gen_mem_rep[0].inst_xpm_memory/xpm_memory_base_inst with a P_MEMORY_PRIMITIVE property set to distributed. A value of block is required. You will not be able to use the updatemem program to update the bitstream with new data for the PROCSYS_WRAPPER/procsys_i/axi_smc/inst/s00_nodes/s00_ar_node/inst/inst_mi_handler/gen_normal_area.inst_fifo_node_payld/gen_xpm_memory_fifo.inst_fifo/gen_mem_rep[0].inst_xpm_memory/xpm_memory_base_inst block.
Command: write_bitstream -force super_wrapper.bit
Attempting to get a license for feature 'Implementation' and/or device 'xczu3eg'
INFO: [Common 17-349] Got license for feature 'Implementation' and/or device 'xczu3eg'
Running DRC as a precondition to command write_bitstream
INFO: [DRC 23-27] Running DRC with 2 threads
WARNING: [DRC RTSTAT-10] No routable loads: 15 net(s) have no routable loads. The problem bus(es) and/or net(s) are PROCSYS_WRAPPER/procsys_i/ps8_0_axi_periph/s00_couplers/auto_ds/inst/gen_downsizer.gen_simple_downsizer.axi_downsizer_inst/USE_READ.read_addr_inst/cmd_queue/inst/fifo_gen_inst/inst_fifo_gen/gconvfifo.rf/grf.rf/gntv_or_sync_fifo.gl0.rd/gr1.gr1_int.rfwft/aempty_fwft_i, PROCSYS_WRAPPER/procsys_i/ps8_0_axi_periph/s00_couplers/auto_ds/inst/gen_downsizer.gen_simple_downsizer.axi_downsizer_inst/USE_WRITE.write_addr_inst/USE_B_CHANNEL.cmd_b_queue/inst/fifo_gen_inst/inst_fifo_gen/gconvfifo.rf/grf.rf/gntv_or_sync_fifo.gl0.rd/gr1.gr1_int.rfwft/aempty_fwft_i, PROCSYS_WRAPPER/procsys_i/ps8_0_axi_periph/s00_couplers/auto_ds/inst/gen_downsizer.gen_simple_downsizer.axi_downsizer_inst/USE_WRITE.write_addr_inst/cmd_queue/inst/fifo_gen_inst/inst_fifo_gen/gconvfifo.rf/grf.rf/gntv_or_sync_fifo.gl0.rd/gr1.gr1_int.rfwft/aempty_fwft_i, PROCSYS_WRAPPER/procsys_i/ps8_0_axi_periph/s00_couplers/auto_ds/inst/gen_downsizer.gen_simple_downsizer.axi_downsizer_inst/USE_READ.read_addr_inst/cmd_queue/inst/fifo_gen_inst/inst_fifo_gen/gconvfifo.rf/grf.rf/gntv_or_sync_fifo.gl0.wr/gwss.wsts/ram_afull_fb, PROCSYS_WRAPPER/procsys_i/ps8_0_axi_periph/s00_couplers/auto_ds/inst/gen_downsizer.gen_simple_downsizer.axi_downsizer_inst/USE_WRITE.write_addr_inst/cmd_queue/inst/fifo_gen_inst/inst_fifo_gen/gconvfifo.rf/grf.rf/gntv_or_sync_fifo.gl0.wr/gwss.wsts/ram_afull_fb, PROCSYS_WRAPPER/procsys_i/ps8_0_axi_periph/s00_couplers/auto_ds/inst/gen_downsizer.gen_simple_downsizer.axi_downsizer_inst/USE_WRITE.write_addr_inst/USE_B_CHANNEL.cmd_b_queue/inst/fifo_gen_inst/inst_fifo_gen/gconvfifo.rf/grf.rf/gntv_or_sync_fifo.gl0.wr/gwss.wsts/ram_afull_fb, PROCSYS_WRAPPER/procsys_i/ps8_0_axi_periph/s00_couplers/auto_ds/inst/gen_downsizer.gen_simple_downsizer.axi_downsizer_inst/USE_READ.read_addr_inst/cmd_queue/inst/fifo_gen_inst/inst_fifo_gen/gconvfifo.rf/grf.rf/gntv_or_sync_fifo.gl0.wr/gwss.wsts/ram_afull_i, PROCSYS_WRAPPER/procsys_i/ps8_0_axi_periph/s00_couplers/auto_ds/inst/gen_downsizer.gen_simple_downsizer.axi_downsizer_inst/USE_WRITE.write_addr_inst/cmd_queue/inst/fifo_gen_inst/inst_fifo_gen/gconvfifo.rf/grf.rf/gntv_or_sync_fifo.gl0.wr/gwss.wsts/ram_afull_i, PROCSYS_WRAPPER/procsys_i/ps8_0_axi_periph/s00_couplers/auto_ds/inst/gen_downsizer.gen_simple_downsizer.axi_downsizer_inst/USE_WRITE.write_addr_inst/USE_B_CHANNEL.cmd_b_queue/inst/fifo_gen_inst/inst_fifo_gen/gconvfifo.rf/grf.rf/gntv_or_sync_fifo.gl0.wr/gwss.wsts/ram_afull_i, PROCSYS_WRAPPER/procsys_i/ps8_0_axi_periph/s00_couplers/auto_ds/inst/gen_downsizer.gen_simple_downsizer.axi_downsizer_inst/USE_READ.read_addr_inst/cmd_queue/inst/fifo_gen_inst/inst_fifo_gen/gconvfifo.rf/grf.rf/gntv_or_sync_fifo.gl0.rd/grss.rsts/ram_empty_i, PROCSYS_WRAPPER/procsys_i/ps8_0_axi_periph/s00_couplers/auto_ds/inst/gen_downsizer.gen_simple_downsizer.axi_downsizer_inst/USE_WRITE.write_addr_inst/USE_B_CHANNEL.cmd_b_queue/inst/fifo_gen_inst/inst_fifo_gen/gconvfifo.rf/grf.rf/gntv_or_sync_fifo.gl0.rd/grss.rsts/ram_empty_i, PROCSYS_WRAPPER/procsys_i/ps8_0_axi_periph/s00_couplers/auto_ds/inst/gen_downsizer.gen_simple_downsizer.axi_downsizer_inst/USE_WRITE.write_addr_inst/cmd_queue/inst/fifo_gen_inst/inst_fifo_gen/gconvfifo.rf/grf.rf/gntv_or_sync_fifo.gl0.rd/grss.rsts/ram_empty_i, PROCSYS_WRAPPER/procsys_i/ps8_0_axi_periph/s00_couplers/auto_ds/inst/gen_downsizer.gen_simple_downsizer.axi_downsizer_inst/USE_READ.read_addr_inst/cmd_queue/inst/fifo_gen_inst/inst_fifo_gen/gconvfifo.rf/grf.rf/gntv_or_sync_fifo.gl0.rd/gr1.gr1_int.rfwft/user_valid, PROCSYS_WRAPPER/procsys_i/ps8_0_axi_periph/s00_couplers/auto_ds/inst/gen_downsizer.gen_simple_downsizer.axi_downsizer_inst/USE_WRITE.write_addr_inst/USE_B_CHANNEL.cmd_b_queue/inst/fifo_gen_inst/inst_fifo_gen/gconvfifo.rf/grf.rf/gntv_or_sync_fifo.gl0.rd/gr1.gr1_int.rfwft/user_valid, and PROCSYS_WRAPPER/procsys_i/ps8_0_axi_periph/s00_couplers/auto_ds/inst/gen_downsizer.gen_simple_downsizer.axi_downsizer_inst/USE_WRITE.write_addr_inst/cmd_queue/inst/fifo_gen_inst/inst_fifo_gen/gconvfifo.rf/grf.rf/gntv_or_sync_fifo.gl0.rd/gr1.gr1_int.rfwft/user_valid.
INFO: [Vivado 12-3199] DRC finished with 0 Errors, 1 Warnings
INFO: [Vivado 12-3200] Please refer to the DRC report (report_drc) for more information.
INFO: [Designutils 20-2272] Running write_bitstream with 2 threads.
Loading data files...
Loading site data...
Loading route data...
Processing options...
Creating bitmap...
Creating bitstream...
Writing bitstream ./super_wrapper.bit...
INFO: [Vivado 12-1842] Bitgen Completed Successfully.
INFO: [Project 1-120] WebTalk data collection is mandatory when using a WebPACK part without a full Vivado license. To see the specific WebTalk data collected for your design, open the usage_statistics_webtalk.html or usage_statistics_webtalk.xml file in the implementation directory.
INFO: [Common 17-186] 'D:/Adam/Documents/Vivado_Projects/FINN-PreRecon/cnvW2A2-ultra96/cnvW2A2-ultra96.runs/impl_1/usage_statistics_webtalk.xml' has been successfully sent to Xilinx on Sat Dec 21 16:54:22 2019. For additional details about this file, please refer to the WebTalk help file at D:/Xilinx/Vivado/2018.2/doc/webtalk_introduction.html.
INFO: [Common 17-83] Releasing license: Implementation
228 Infos, 2 Warnings, 0 Critical Warnings and 0 Errors encountered.
write_bitstream completed successfully
write_bitstream: Time (s): cpu = 00:01:17 ; elapsed = 00:01:34 . Memory (MB): peak = 4604.469 ; gain = 168.078
INFO: [Common 17-206] Exiting Vivado at Sat Dec 21 16:54:23 2019...
