#-----------------------------------------------------------
# Vivado v2018.2 (64-bit)
# SW Build 2258646 on Thu Jun 14 20:03:12 MDT 2018
# IP Build 2256618 on Thu Jun 14 22:10:49 MDT 2018
# Start of session at: Sun Dec 22 11:46:10 2019
# Process ID: 3528
# Current directory: C:/Users/Adam/AppData/Roaming/Xilinx/Vivado
# Command line: vivado.exe -gui_launcher_event rodinguilauncherevent4976
# Log file: C:/Users/Adam/AppData/Roaming/Xilinx/Vivado/vivado.log
# Journal file: C:/Users/Adam/AppData/Roaming/Xilinx/Vivado\vivado.jou
#-----------------------------------------------------------
start_gui
open_project D:/Adam/Documents/Vivado_Projects/FINN-PreRecon/cnvW1A1-ultra96/cnvW1A1-ultra96.xpr
Scanning sources...
Finished scanning sources
INFO: [IP_Flow 19-234] Refreshing IP repositories
INFO: [IP_Flow 19-1700] Loaded user IP repository 'd:/Adam/Documents/Vivado_Projects/BNN-HLS-Outputs/cnvW1A1-ultra96'.
INFO: [IP_Flow 19-1700] Loaded user IP repository 'd:/Adam/Documents/Vivado_Projects/BNN-HLS-Outputs/cnvW1A2-ultra96'.
INFO: [IP_Flow 19-1700] Loaded user IP repository 'd:/Adam/Documents/Vivado_Projects/BNN-HLS-Outputs/cnvW2A2-ultra96'.
INFO: [IP_Flow 19-1700] Loaded user IP repository 'd:/Adam/Documents/Vivado_Projects/BNN-HLS-Outputs/lfcW1A1-ultra96'.
INFO: [IP_Flow 19-1700] Loaded user IP repository 'd:/Adam/Documents/Vivado_Projects/BNN-HLS-Outputs/lfcW1A2-ultra96'.
INFO: [IP_Flow 19-2313] Loaded Vivado IP repository 'D:/Xilinx/Vivado/2018.2/data/ip'.
open_project: Time (s): cpu = 00:00:24 ; elapsed = 00:00:33 . Memory (MB): peak = 1364.133 ; gain = 618.445
update_compile_order -fileset sources_1
archive_project D:/Adam/Documents/Vivado_Projects/FINN-PreRecon/cnvW1A1-ultra96.xpr.zip -temp_dir C:/Users/Adam/AppData/Roaming/Xilinx/Vivado/.Xil/Vivado-3528-DESKTOP-RKNG8TM -force -include_local_ip_cache -include_config_settings
INFO: [Coretcl 2-137] starting archive...
INFO: [Coretcl 2-1499] Saving project copy to temporary location 'C:/Users/Adam/AppData/Roaming/Xilinx/Vivado/.Xil/Vivado-3528-DESKTOP-RKNG8TM' for archiving project
Scanning sources...
Finished scanning sources
INFO: [IP_Flow 19-234] Refreshing IP repositories
INFO: [IP_Flow 19-1700] Loaded user IP repository 'd:/Adam/Documents/Vivado_Projects/BNN-HLS-Outputs/cnvW1A1-ultra96'.
INFO: [IP_Flow 19-1700] Loaded user IP repository 'd:/Adam/Documents/Vivado_Projects/BNN-HLS-Outputs/cnvW1A2-ultra96'.
INFO: [IP_Flow 19-1700] Loaded user IP repository 'd:/Adam/Documents/Vivado_Projects/BNN-HLS-Outputs/cnvW2A2-ultra96'.
INFO: [IP_Flow 19-1700] Loaded user IP repository 'd:/Adam/Documents/Vivado_Projects/BNN-HLS-Outputs/lfcW1A1-ultra96'.
INFO: [IP_Flow 19-1700] Loaded user IP repository 'd:/Adam/Documents/Vivado_Projects/BNN-HLS-Outputs/lfcW1A2-ultra96'.
INFO: [IP_Flow 19-2313] Loaded Vivado IP repository 'D:/Xilinx/Vivado/2018.2/data/ip'.
INFO: [Coretcl 2-1211] Creating project copy for archival...
INFO: [ProjectBase 1-495] The host OS only allows 260 characters in a normal path. The project is stored in a path with more than 80 characters. If you experience any problem with archiving the project, please consider setting environment variable $TEMP to a shorter path.
Current project path is 'C:/Users/Adam/AppData/Roaming/Xilinx/Vivado/.Xil/Vivado-3528-DESKTOP-RKNG8TM/PrjAr/_X_'.
INFO: [Coretcl 2-1213] Including run results for 'synth_1'
INFO: [Coretcl 2-1213] Including run results for 'procsys_zynq_ultra_ps_e_0_0_synth_1'
INFO: [Coretcl 2-1213] Including run results for 'procsys_axi_smc_0_synth_1'
INFO: [Coretcl 2-1213] Including run results for 'procsys_rst_ps8_0_299M_0_synth_1'
INFO: [Coretcl 2-1213] Including run results for 'BBJ_u96_cnvW1A2_0_synth_1'
INFO: [Coretcl 2-1213] Including run results for 'BBJ_u96_cnvW1A1_0_synth_1'
INFO: [Coretcl 2-1213] Including run results for 'impl_1'
INFO: [Coretcl 2-133] re-setting run 'procsys_zynq_ultra_ps_e_0_0_impl_1'...
INFO: [Coretcl 2-133] re-setting run 'procsys_axi_smc_0_impl_1'...
INFO: [Coretcl 2-133] re-setting run 'procsys_rst_ps8_0_299M_0_impl_1'...
INFO: [Coretcl 2-133] re-setting run 'BBJ_u96_cnvW1A2_0_impl_1'...
INFO: [Coretcl 2-133] re-setting run 'BBJ_u96_cnvW1A1_0_impl_1'...
INFO: [Coretcl 2-1212] Importing remotely added design sources and verilog include files (if any)...
INFO: [filemgmt 20-334] All file(s) are already imported in fileset: 'BBJ_u96_cnvW1A1_0'
INFO: [filemgmt 20-348] Importing the appropriate files for fileset: 'BBJ_u96_cnvW1A1_0'
INFO: [filemgmt 20-334] All file(s) are already imported in fileset: 'BBJ_u96_cnvW1A2_0'
INFO: [filemgmt 20-348] Importing the appropriate files for fileset: 'BBJ_u96_cnvW1A2_0'
INFO: [filemgmt 20-334] All file(s) are already imported in fileset: 'constrs_1'
INFO: [filemgmt 20-348] Importing the appropriate files for fileset: 'constrs_1'
INFO: [filemgmt 20-334] All file(s) are already imported in fileset: 'sources_1'
INFO: [filemgmt 20-348] Importing the appropriate files for fileset: 'sources_1'
INFO: [Coretcl 2-1209] Adding archive summary file to the project...
INFO: [Coretcl 2-1214] Preparing project files for archive...
INFO: [Coretcl 2-1210] Compressing project files and data...
INFO: [Coretcl 2-1215] Project archived (D:/Adam/Documents/Vivado_Projects/FINN-PreRecon/cnvW1A1-ultra96.xpr.zip)
INFO: [Coretcl 2-1216] To view the archive summary log in GUI, double click on 'Design Sources->Text->archive_project_summary.txt', or open this file from the archived project directory.
archive_project: Time (s): cpu = 00:00:26 ; elapsed = 00:01:11 . Memory (MB): peak = 1364.133 ; gain = 0.000
close_project
open_project D:/Adam/Documents/Vivado_Projects/FINN-PreRecon/cnvW1A2-ultra96/cnvW1A2-ultra96.xpr
Scanning sources...
Finished scanning sources
INFO: [IP_Flow 19-234] Refreshing IP repositories
INFO: [IP_Flow 19-1700] Loaded user IP repository 'd:/Adam/Documents/Vivado_Projects/BNN-HLS-Outputs/cnvW1A1-ultra96'.
INFO: [IP_Flow 19-1700] Loaded user IP repository 'd:/Adam/Documents/Vivado_Projects/BNN-HLS-Outputs/cnvW1A2-ultra96'.
INFO: [IP_Flow 19-1700] Loaded user IP repository 'd:/Adam/Documents/Vivado_Projects/BNN-HLS-Outputs/cnvW2A2-ultra96'.
INFO: [IP_Flow 19-1700] Loaded user IP repository 'd:/Adam/Documents/Vivado_Projects/BNN-HLS-Outputs/lfcW1A1-ultra96'.
INFO: [IP_Flow 19-1700] Loaded user IP repository 'd:/Adam/Documents/Vivado_Projects/BNN-HLS-Outputs/lfcW1A2-ultra96'.
INFO: [IP_Flow 19-2313] Loaded Vivado IP repository 'D:/Xilinx/Vivado/2018.2/data/ip'.
open_project: Time (s): cpu = 00:00:09 ; elapsed = 00:00:12 . Memory (MB): peak = 1364.133 ; gain = 0.000
update_compile_order -fileset sources_1
archive_project D:/Adam/Documents/Vivado_Projects/FINN-PreRecon/cnvW1A2-ultra96.xpr.zip -temp_dir C:/Users/Adam/AppData/Roaming/Xilinx/Vivado/.Xil/Vivado-3528-DESKTOP-RKNG8TM -force -include_local_ip_cache -include_config_settings
INFO: [Coretcl 2-137] starting archive...
INFO: [Coretcl 2-1499] Saving project copy to temporary location 'C:/Users/Adam/AppData/Roaming/Xilinx/Vivado/.Xil/Vivado-3528-DESKTOP-RKNG8TM' for archiving project
Scanning sources...
Finished scanning sources
INFO: [IP_Flow 19-234] Refreshing IP repositories
INFO: [IP_Flow 19-1700] Loaded user IP repository 'd:/Adam/Documents/Vivado_Projects/BNN-HLS-Outputs/cnvW1A1-ultra96'.
INFO: [IP_Flow 19-1700] Loaded user IP repository 'd:/Adam/Documents/Vivado_Projects/BNN-HLS-Outputs/cnvW1A2-ultra96'.
INFO: [IP_Flow 19-1700] Loaded user IP repository 'd:/Adam/Documents/Vivado_Projects/BNN-HLS-Outputs/cnvW2A2-ultra96'.
INFO: [IP_Flow 19-1700] Loaded user IP repository 'd:/Adam/Documents/Vivado_Projects/BNN-HLS-Outputs/lfcW1A1-ultra96'.
INFO: [IP_Flow 19-1700] Loaded user IP repository 'd:/Adam/Documents/Vivado_Projects/BNN-HLS-Outputs/lfcW1A2-ultra96'.
INFO: [IP_Flow 19-2313] Loaded Vivado IP repository 'D:/Xilinx/Vivado/2018.2/data/ip'.
INFO: [Coretcl 2-1211] Creating project copy for archival...
INFO: [ProjectBase 1-495] The host OS only allows 260 characters in a normal path. The project is stored in a path with more than 80 characters. If you experience any problem with archiving the project, please consider setting environment variable $TEMP to a shorter path.
Current project path is 'C:/Users/Adam/AppData/Roaming/Xilinx/Vivado/.Xil/Vivado-3528-DESKTOP-RKNG8TM/PrjAr/_X_'.
INFO: [Coretcl 2-1213] Including run results for 'synth_1'
INFO: [Coretcl 2-1213] Including run results for 'procsys_zynq_ultra_ps_e_0_0_synth_1'
INFO: [Coretcl 2-1213] Including run results for 'procsys_axi_smc_0_synth_1'
INFO: [Coretcl 2-1213] Including run results for 'procsys_rst_ps8_0_299M_0_synth_1'
INFO: [Coretcl 2-1213] Including run results for 'BBJ_u96_cnvW1A2_0_synth_1'
INFO: [Coretcl 2-1213] Including run results for 'impl_1'
INFO: [Coretcl 2-133] re-setting run 'procsys_zynq_ultra_ps_e_0_0_impl_1'...
INFO: [Coretcl 2-133] re-setting run 'procsys_axi_smc_0_impl_1'...
INFO: [Coretcl 2-133] re-setting run 'procsys_rst_ps8_0_299M_0_impl_1'...
INFO: [Coretcl 2-133] re-setting run 'BBJ_u96_cnvW1A2_0_impl_1'...
INFO: [Coretcl 2-1212] Importing remotely added design sources and verilog include files (if any)...
INFO: [filemgmt 20-334] All file(s) are already imported in fileset: 'BBJ_u96_cnvW1A2_0'
INFO: [filemgmt 20-348] Importing the appropriate files for fileset: 'BBJ_u96_cnvW1A2_0'
INFO: [filemgmt 20-334] All file(s) are already imported in fileset: 'constrs_1'
INFO: [filemgmt 20-348] Importing the appropriate files for fileset: 'constrs_1'
INFO: [filemgmt 20-334] All file(s) are already imported in fileset: 'sources_1'
INFO: [filemgmt 20-348] Importing the appropriate files for fileset: 'sources_1'
INFO: [Coretcl 2-1209] Adding archive summary file to the project...
INFO: [Coretcl 2-1214] Preparing project files for archive...
INFO: [Coretcl 2-1210] Compressing project files and data...
INFO: [Coretcl 2-1215] Project archived (D:/Adam/Documents/Vivado_Projects/FINN-PreRecon/cnvW1A2-ultra96.xpr.zip)
INFO: [Coretcl 2-1216] To view the archive summary log in GUI, double click on 'Design Sources->Text->archive_project_summary.txt', or open this file from the archived project directory.
archive_project: Time (s): cpu = 00:00:21 ; elapsed = 00:00:52 . Memory (MB): peak = 1364.133 ; gain = 0.000
close_project
open_project D:/Adam/Documents/Vivado_Projects/FINN-PreRecon/cnvW2A2-ultra96/cnvW2A2-ultra96.xpr
Scanning sources...
Finished scanning sources
INFO: [IP_Flow 19-234] Refreshing IP repositories
INFO: [IP_Flow 19-1700] Loaded user IP repository 'd:/Adam/Documents/Vivado_Projects/BNN-HLS-Outputs/cnvW1A1-ultra96'.
INFO: [IP_Flow 19-1700] Loaded user IP repository 'd:/Adam/Documents/Vivado_Projects/BNN-HLS-Outputs/cnvW1A2-ultra96'.
INFO: [IP_Flow 19-1700] Loaded user IP repository 'd:/Adam/Documents/Vivado_Projects/BNN-HLS-Outputs/cnvW2A2-ultra96'.
INFO: [IP_Flow 19-1700] Loaded user IP repository 'd:/Adam/Documents/Vivado_Projects/BNN-HLS-Outputs/lfcW1A1-ultra96'.
INFO: [IP_Flow 19-1700] Loaded user IP repository 'd:/Adam/Documents/Vivado_Projects/BNN-HLS-Outputs/lfcW1A2-ultra96'.
INFO: [IP_Flow 19-2313] Loaded Vivado IP repository 'D:/Xilinx/Vivado/2018.2/data/ip'.
open_project: Time (s): cpu = 00:00:11 ; elapsed = 00:00:18 . Memory (MB): peak = 1364.133 ; gain = 0.000
update_compile_order -fileset sources_1
archive_project D:/Adam/Documents/Vivado_Projects/FINN-PreRecon/cnvW2A2-ultra96.xpr.zip -temp_dir C:/Users/Adam/AppData/Roaming/Xilinx/Vivado/.Xil/Vivado-3528-DESKTOP-RKNG8TM -force -include_local_ip_cache -include_config_settings
INFO: [Coretcl 2-137] starting archive...
INFO: [Coretcl 2-1499] Saving project copy to temporary location 'C:/Users/Adam/AppData/Roaming/Xilinx/Vivado/.Xil/Vivado-3528-DESKTOP-RKNG8TM' for archiving project
Scanning sources...
Finished scanning sources
INFO: [IP_Flow 19-234] Refreshing IP repositories
INFO: [IP_Flow 19-1700] Loaded user IP repository 'd:/Adam/Documents/Vivado_Projects/BNN-HLS-Outputs/cnvW1A1-ultra96'.
INFO: [IP_Flow 19-1700] Loaded user IP repository 'd:/Adam/Documents/Vivado_Projects/BNN-HLS-Outputs/cnvW1A2-ultra96'.
INFO: [IP_Flow 19-1700] Loaded user IP repository 'd:/Adam/Documents/Vivado_Projects/BNN-HLS-Outputs/cnvW2A2-ultra96'.
INFO: [IP_Flow 19-1700] Loaded user IP repository 'd:/Adam/Documents/Vivado_Projects/BNN-HLS-Outputs/lfcW1A1-ultra96'.
INFO: [IP_Flow 19-1700] Loaded user IP repository 'd:/Adam/Documents/Vivado_Projects/BNN-HLS-Outputs/lfcW1A2-ultra96'.
INFO: [IP_Flow 19-2313] Loaded Vivado IP repository 'D:/Xilinx/Vivado/2018.2/data/ip'.
INFO: [Coretcl 2-1211] Creating project copy for archival...
INFO: [ProjectBase 1-495] The host OS only allows 260 characters in a normal path. The project is stored in a path with more than 80 characters. If you experience any problem with archiving the project, please consider setting environment variable $TEMP to a shorter path.
Current project path is 'C:/Users/Adam/AppData/Roaming/Xilinx/Vivado/.Xil/Vivado-3528-DESKTOP-RKNG8TM/PrjAr/_X_'.
INFO: [Coretcl 2-1213] Including run results for 'synth_1'
INFO: [Coretcl 2-1213] Including run results for 'procsys_zynq_ultra_ps_e_0_0_synth_1'
INFO: [Coretcl 2-1213] Including run results for 'procsys_axi_smc_0_synth_1'
INFO: [Coretcl 2-1213] Including run results for 'procsys_rst_ps8_0_299M_0_synth_1'
INFO: [Coretcl 2-1213] Including run results for 'BBJ_u96_cnvW1A2_0_synth_1'
INFO: [Coretcl 2-1213] Including run results for 'BBJ_u96_cnvW1A1_0_synth_1'
INFO: [Coretcl 2-1213] Including run results for 'BBJ_u96_cnvW2A2_0_synth_1'
INFO: [Coretcl 2-1213] Including run results for 'impl_1'
INFO: [Coretcl 2-133] re-setting run 'procsys_zynq_ultra_ps_e_0_0_impl_1'...
INFO: [Coretcl 2-133] re-setting run 'procsys_axi_smc_0_impl_1'...
INFO: [Coretcl 2-133] re-setting run 'procsys_rst_ps8_0_299M_0_impl_1'...
INFO: [Coretcl 2-133] re-setting run 'BBJ_u96_cnvW1A2_0_impl_1'...
INFO: [Coretcl 2-133] re-setting run 'BBJ_u96_cnvW1A1_0_impl_1'...
INFO: [Coretcl 2-133] re-setting run 'BBJ_u96_cnvW2A2_0_impl_1'...
INFO: [Coretcl 2-1212] Importing remotely added design sources and verilog include files (if any)...
INFO: [filemgmt 20-334] All file(s) are already imported in fileset: 'BBJ_u96_cnvW1A1_0'
INFO: [filemgmt 20-348] Importing the appropriate files for fileset: 'BBJ_u96_cnvW1A1_0'
INFO: [filemgmt 20-334] All file(s) are already imported in fileset: 'BBJ_u96_cnvW1A2_0'
INFO: [filemgmt 20-348] Importing the appropriate files for fileset: 'BBJ_u96_cnvW1A2_0'
INFO: [filemgmt 20-334] All file(s) are already imported in fileset: 'BBJ_u96_cnvW2A2_0'
INFO: [filemgmt 20-348] Importing the appropriate files for fileset: 'BBJ_u96_cnvW2A2_0'
INFO: [filemgmt 20-334] All file(s) are already imported in fileset: 'procsys_axi_smc_0'
INFO: [filemgmt 20-348] Importing the appropriate files for fileset: 'procsys_axi_smc_0'
INFO: [filemgmt 20-334] All file(s) are already imported in fileset: 'procsys_rst_ps8_0_299M_0'
INFO: [filemgmt 20-348] Importing the appropriate files for fileset: 'procsys_rst_ps8_0_299M_0'
INFO: [filemgmt 20-334] All file(s) are already imported in fileset: 'procsys_zynq_ultra_ps_e_0_0'
INFO: [filemgmt 20-348] Importing the appropriate files for fileset: 'procsys_zynq_ultra_ps_e_0_0'
INFO: [filemgmt 20-334] All file(s) are already imported in fileset: 'constrs_1'
INFO: [filemgmt 20-348] Importing the appropriate files for fileset: 'constrs_1'
INFO: [filemgmt 20-334] All file(s) are already imported in fileset: 'sources_1'
INFO: [filemgmt 20-348] Importing the appropriate files for fileset: 'sources_1'
INFO: [Coretcl 2-1209] Adding archive summary file to the project...
INFO: [Coretcl 2-1214] Preparing project files for archive...
INFO: [Coretcl 2-1210] Compressing project files and data...
INFO: [Coretcl 2-1215] Project archived (D:/Adam/Documents/Vivado_Projects/FINN-PreRecon/cnvW2A2-ultra96.xpr.zip)
INFO: [Coretcl 2-1216] To view the archive summary log in GUI, double click on 'Design Sources->Text->archive_project_summary.txt', or open this file from the archived project directory.
archive_project: Time (s): cpu = 00:00:27 ; elapsed = 00:01:21 . Memory (MB): peak = 1364.133 ; gain = 0.000
close_project
open_project D:/Adam/Documents/Vivado_Projects/FINN-PreRecon/lfcW1A1-ultra96/lfcW1A1-ultra96.xpr
Scanning sources...
Finished scanning sources
INFO: [IP_Flow 19-234] Refreshing IP repositories
INFO: [IP_Flow 19-1700] Loaded user IP repository 'd:/Adam/Documents/Vivado_Projects/BNN-HLS-Outputs/cnvW1A1-ultra96'.
INFO: [IP_Flow 19-1700] Loaded user IP repository 'd:/Adam/Documents/Vivado_Projects/BNN-HLS-Outputs/cnvW1A2-ultra96'.
INFO: [IP_Flow 19-1700] Loaded user IP repository 'd:/Adam/Documents/Vivado_Projects/BNN-HLS-Outputs/cnvW2A2-ultra96'.
INFO: [IP_Flow 19-1700] Loaded user IP repository 'd:/Adam/Documents/Vivado_Projects/BNN-HLS-Outputs/lfcW1A1-ultra96'.
INFO: [IP_Flow 19-1700] Loaded user IP repository 'd:/Adam/Documents/Vivado_Projects/BNN-HLS-Outputs/lfcW1A2-ultra96'.
INFO: [IP_Flow 19-2313] Loaded Vivado IP repository 'D:/Xilinx/Vivado/2018.2/data/ip'.
open_project: Time (s): cpu = 00:00:11 ; elapsed = 00:00:19 . Memory (MB): peak = 1364.133 ; gain = 0.000
update_compile_order -fileset sources_1
archive_project D:/Adam/Documents/Vivado_Projects/FINN-PreRecon/lfcW1A1-ultra96.xpr.zip -temp_dir C:/Users/Adam/AppData/Roaming/Xilinx/Vivado/.Xil/Vivado-3528-DESKTOP-RKNG8TM -force -include_local_ip_cache -include_config_settings
INFO: [Coretcl 2-137] starting archive...
INFO: [Coretcl 2-1499] Saving project copy to temporary location 'C:/Users/Adam/AppData/Roaming/Xilinx/Vivado/.Xil/Vivado-3528-DESKTOP-RKNG8TM' for archiving project
Scanning sources...
Finished scanning sources
INFO: [IP_Flow 19-234] Refreshing IP repositories
INFO: [IP_Flow 19-1700] Loaded user IP repository 'd:/Adam/Documents/Vivado_Projects/BNN-HLS-Outputs/cnvW1A1-ultra96'.
INFO: [IP_Flow 19-1700] Loaded user IP repository 'd:/Adam/Documents/Vivado_Projects/BNN-HLS-Outputs/cnvW1A2-ultra96'.
INFO: [IP_Flow 19-1700] Loaded user IP repository 'd:/Adam/Documents/Vivado_Projects/BNN-HLS-Outputs/cnvW2A2-ultra96'.
INFO: [IP_Flow 19-1700] Loaded user IP repository 'd:/Adam/Documents/Vivado_Projects/BNN-HLS-Outputs/lfcW1A1-ultra96'.
INFO: [IP_Flow 19-1700] Loaded user IP repository 'd:/Adam/Documents/Vivado_Projects/BNN-HLS-Outputs/lfcW1A2-ultra96'.
INFO: [IP_Flow 19-2313] Loaded Vivado IP repository 'D:/Xilinx/Vivado/2018.2/data/ip'.
INFO: [Coretcl 2-1211] Creating project copy for archival...
INFO: [ProjectBase 1-495] The host OS only allows 260 characters in a normal path. The project is stored in a path with more than 80 characters. If you experience any problem with archiving the project, please consider setting environment variable $TEMP to a shorter path.
Current project path is 'C:/Users/Adam/AppData/Roaming/Xilinx/Vivado/.Xil/Vivado-3528-DESKTOP-RKNG8TM/PrjAr/_X_'.
INFO: [Coretcl 2-1213] Including run results for 'synth_1'
INFO: [Coretcl 2-1213] Including run results for 'procsys_zynq_ultra_ps_e_0_0_synth_1'
INFO: [Coretcl 2-1213] Including run results for 'procsys_axi_smc_0_synth_1'
INFO: [Coretcl 2-1213] Including run results for 'procsys_rst_ps8_0_299M_0_synth_1'
INFO: [Coretcl 2-1213] Including run results for 'BBJ_u96_cnvW1A2_0_synth_1'
INFO: [Coretcl 2-1213] Including run results for 'BBJ_u96_cnvW1A1_0_synth_1'
INFO: [Coretcl 2-1213] Including run results for 'BBJ_u96_cnvW2A2_0_synth_1'
INFO: [Coretcl 2-1213] Including run results for 'lfcw1a1_BBox_0_synth_1'
INFO: [Coretcl 2-1213] Including run results for 'impl_1'
INFO: [Coretcl 2-133] re-setting run 'procsys_zynq_ultra_ps_e_0_0_impl_1'...
INFO: [Coretcl 2-133] re-setting run 'procsys_axi_smc_0_impl_1'...
INFO: [Coretcl 2-133] re-setting run 'procsys_rst_ps8_0_299M_0_impl_1'...
INFO: [Coretcl 2-133] re-setting run 'BBJ_u96_cnvW1A2_0_impl_1'...
INFO: [Coretcl 2-133] re-setting run 'BBJ_u96_cnvW1A1_0_impl_1'...
INFO: [Coretcl 2-133] re-setting run 'BBJ_u96_cnvW2A2_0_impl_1'...
INFO: [Coretcl 2-133] re-setting run 'lfcw1a1_BBox_0_impl_1'...
INFO: [Coretcl 2-1212] Importing remotely added design sources and verilog include files (if any)...
INFO: [filemgmt 20-334] All file(s) are already imported in fileset: 'BBJ_u96_cnvW1A1_0'
INFO: [filemgmt 20-348] Importing the appropriate files for fileset: 'BBJ_u96_cnvW1A1_0'
INFO: [filemgmt 20-334] All file(s) are already imported in fileset: 'BBJ_u96_cnvW1A2_0'
INFO: [filemgmt 20-348] Importing the appropriate files for fileset: 'BBJ_u96_cnvW1A2_0'
INFO: [filemgmt 20-334] All file(s) are already imported in fileset: 'BBJ_u96_cnvW2A2_0'
INFO: [filemgmt 20-348] Importing the appropriate files for fileset: 'BBJ_u96_cnvW2A2_0'
INFO: [filemgmt 20-334] All file(s) are already imported in fileset: 'lfcw1a1_BBox_0'
INFO: [filemgmt 20-348] Importing the appropriate files for fileset: 'lfcw1a1_BBox_0'
INFO: [filemgmt 20-334] All file(s) are already imported in fileset: 'procsys_axi_smc_0'
INFO: [filemgmt 20-348] Importing the appropriate files for fileset: 'procsys_axi_smc_0'
INFO: [filemgmt 20-334] All file(s) are already imported in fileset: 'procsys_rst_ps8_0_299M_0'
INFO: [filemgmt 20-348] Importing the appropriate files for fileset: 'procsys_rst_ps8_0_299M_0'
INFO: [filemgmt 20-334] All file(s) are already imported in fileset: 'procsys_zynq_ultra_ps_e_0_0'
INFO: [filemgmt 20-348] Importing the appropriate files for fileset: 'procsys_zynq_ultra_ps_e_0_0'
INFO: [filemgmt 20-334] All file(s) are already imported in fileset: 'constrs_1'
INFO: [filemgmt 20-348] Importing the appropriate files for fileset: 'constrs_1'
INFO: [filemgmt 20-334] All file(s) are already imported in fileset: 'sources_1'
INFO: [filemgmt 20-348] Importing the appropriate files for fileset: 'sources_1'
